
{"CONFIG": "type", "GroupKFold": "ABCMeta", "GroupTimeSeriesSplit": "ABCMeta", "KFold": "ABCMeta", "PurgedGroupTimeSeriesSplit": "ABCMeta", "SimpleImputer": "type", "TimeSeriesSplit": "ABCMeta", "WandbCallback": "type", "builtins": "module", "cal_rv": "function", "data": "DataFrame", "data_C": "DataFrame", "data_P": "DataFrame", "datetime": "module", "features": "list", "gc": "module", "indexable": "function", "keras": "module", "layers": "module", "log_loss": "function", "math": "module", "mean_squared_error": "function", "models": "list", "nn_model": "function", "np": "module", "os": "module", "pd": "module", "plt": "module", "preprocessing": "module", "px": "module", "scores": "list", "setup_cv": "function", "stats": "module", "sweep_config": "dict", "sweep_id": "str", "sys": "module", "target": "list", "tf": "module", "time": "module", "wandb": "module", "wandb_callback": "function", "xgb": "module", "xgb_model": "function"}
wandb: Network error (SSLError), entering retry loop.
{"shape": "", "count": 4, "type": "dict"}
[34m[1mwandb[39m[22m: [32m[41mERROR[39m[49m Problem finishing run
Traceback (most recent call last):
  File "/Users/dylan/miniforge3/envs/machine_learning/lib/python3.8/site-packages/wandb/agents/pyagent.py", line 300, in _run_job
    self._function()
  File "/var/folders/9l/qzgwttq17ps8lhfhrtgpdkx00000gn/T/ipykernel_78287/2686746999.py", line 65, in nn_model
    train_y = scaler.fit_transform(data.iloc[train_idx, :]['settlement'])
  File "/Users/dylan/miniforge3/envs/machine_learning/lib/python3.8/site-packages/sklearn/base.py", line 852, in fit_transform
    return self.fit(X, **fit_params).transform(X)
  File "/Users/dylan/miniforge3/envs/machine_learning/lib/python3.8/site-packages/sklearn/preprocessing/_data.py", line 806, in fit
    return self.partial_fit(X, y, sample_weight)
  File "/Users/dylan/miniforge3/envs/machine_learning/lib/python3.8/site-packages/sklearn/preprocessing/_data.py", line 841, in partial_fit
    X = self._validate_data(
  File "/Users/dylan/miniforge3/envs/machine_learning/lib/python3.8/site-packages/sklearn/base.py", line 566, in _validate_data
    X = check_array(X, **check_params)
  File "/Users/dylan/miniforge3/envs/machine_learning/lib/python3.8/site-packages/sklearn/utils/validation.py", line 769, in check_array
    raise ValueError(
ValueError: Expected 2D array, got 1D array instead:
array=[5.00e-03 7.25e+00 8.00e+00 ... 7.50e+00 2.70e+00 1.75e-01].
Reshape your data either using array.reshape(-1, 1) if your data has a single feature or array.reshape(1, -1) if it contains a single sample.
During handling of the above exception, another exception occurred:
Traceback (most recent call last):
  File "/Users/dylan/miniforge3/envs/machine_learning/lib/python3.8/site-packages/wandb/sdk/wandb_run.py", line 1875, in _atexit_cleanup
    self._on_finish()
  File "/Users/dylan/miniforge3/envs/machine_learning/lib/python3.8/site-packages/wandb/sdk/wandb_run.py", line 2000, in _on_finish
    time.sleep(0.1)
Exception
{"CONFIG": "type", "GroupKFold": "ABCMeta", "GroupTimeSeriesSplit": "ABCMeta", "KFold": "ABCMeta", "PurgedGroupTimeSeriesSplit": "ABCMeta", "SimpleImputer": "type", "TimeSeriesSplit": "ABCMeta", "WandbCallback": "type", "builtins": "module", "cal_rv": "function", "data": "DataFrame", "data_C": "DataFrame", "data_P": "DataFrame", "datetime": "module", "features": "list", "gc": "module", "indexable": "function", "keras": "module", "layers": "module", "log_loss": "function", "math": "module", "mean_squared_error": "function", "models": "list", "nn_model": "function", "np": "module", "os": "module", "pd": "module", "plt": "module", "preprocessing": "module", "px": "module", "scores": "list", "setup_cv": "function", "stats": "module", "sweep_config": "dict", "sweep_id": "str", "sys": "module", "target": "list", "tf": "module", "time": "module", "wandb": "module", "wandb_callback": "function", "xgb": "module", "xgb_model": "function"}
{"CONFIG": "type", "GroupKFold": "ABCMeta", "GroupTimeSeriesSplit": "ABCMeta", "KFold": "ABCMeta", "PurgedGroupTimeSeriesSplit": "ABCMeta", "SimpleImputer": "type", "TimeSeriesSplit": "ABCMeta", "WandbCallback": "type", "builtins": "module", "cal_rv": "function", "data": "DataFrame", "data_C": "DataFrame", "data_P": "DataFrame", "datetime": "module", "features": "list", "gc": "module", "indexable": "function", "keras": "module", "layers": "module", "log_loss": "function", "math": "module", "mean_squared_error": "function", "models": "list", "nn_model": "function", "np": "module", "os": "module", "pd": "module", "plt": "module", "preprocessing": "module", "px": "module", "scores": "list", "setup_cv": "function", "stats": "module", "sweep_config": "dict", "sweep_id": "str", "sys": "module", "target": "list", "tf": "module", "time": "module", "wandb": "module", "wandb_callback": "function", "xgb": "module", "xgb_model": "function"}
{"CONFIG": "type", "GroupKFold": "ABCMeta", "GroupTimeSeriesSplit": "ABCMeta", "KFold": "ABCMeta", "PurgedGroupTimeSeriesSplit": "ABCMeta", "SimpleImputer": "type", "TimeSeriesSplit": "ABCMeta", "WandbCallback": "type", "builtins": "module", "cal_rv": "function", "data": "DataFrame", "data_C": "DataFrame", "data_P": "DataFrame", "datetime": "module", "features": "list", "gc": "module", "indexable": "function", "keras": "module", "layers": "module", "log_loss": "function", "math": "module", "mean_squared_error": "function", "models": "list", "nn_model": "function", "np": "module", "os": "module", "pd": "module", "plt": "module", "preprocessing": "module", "px": "module", "scores": "list", "setup_cv": "function", "stats": "module", "sweep_config": "dict", "sweep_id": "str", "sys": "module", "target": "list", "tf": "module", "time": "module", "wandb": "module", "wandb_callback": "function", "xgb": "module", "xgb_model": "function"}
{"shape": "", "count": 4, "type": "dict"}
{"shape": "", "count": 4, "type": "dict"}
{"shape": "", "count": 4, "type": "dict"}
{"CONFIG": "type", "GroupKFold": "ABCMeta", "GroupTimeSeriesSplit": "ABCMeta", "KFold": "ABCMeta", "PurgedGroupTimeSeriesSplit": "ABCMeta", "SimpleImputer": "type", "TimeSeriesSplit": "ABCMeta", "WandbCallback": "type", "builtins": "module", "cal_rv": "function", "data": "DataFrame", "data_C": "DataFrame", "data_P": "DataFrame", "datetime": "module", "features": "list", "gc": "module", "indexable": "function", "keras": "module", "layers": "module", "log_loss": "function", "math": "module", "mean_squared_error": "function", "models": "list", "nn_model": "function", "np": "module", "os": "module", "pd": "module", "plt": "module", "preprocessing": "module", "px": "module", "scores": "list", "setup_cv": "function", "stats": "module", "sweep_config": "dict", "sweep_id": "str", "sys": "module", "target": "list", "tf": "module", "time": "module", "wandb": "module", "wandb_callback": "function", "xgb": "module", "xgb_model": "function"}
{"shape": "", "count": 4, "type": "dict"}
{"CONFIG": "type", "GroupKFold": "ABCMeta", "GroupTimeSeriesSplit": "ABCMeta", "KFold": "ABCMeta", "PurgedGroupTimeSeriesSplit": "ABCMeta", "SimpleImputer": "type", "TimeSeriesSplit": "ABCMeta", "WandbCallback": "type", "builtins": "module", "cal_rv": "function", "data": "DataFrame", "data_C": "DataFrame", "data_P": "DataFrame", "datetime": "module", "features": "list", "gc": "module", "indexable": "function", "keras": "module", "layers": "module", "log_loss": "function", "math": "module", "mean_squared_error": "function", "models": "list", "nn_model": "function", "np": "module", "os": "module", "pd": "module", "plt": "module", "preprocessing": "module", "px": "module", "scores": "list", "setup_cv": "function", "stats": "module", "sweep_config": "dict", "sweep_id": "str", "sys": "module", "target": "list", "tf": "module", "time": "module", "wandb": "module", "wandb_callback": "function", "xgb": "module", "xgb_model": "function"}
{"shape": "", "count": 4, "type": "dict"}
wandb: Network error (SSLError), entering retry loop.
{"CONFIG": "type", "GroupKFold": "ABCMeta", "GroupTimeSeriesSplit": "ABCMeta", "KFold": "ABCMeta", "PurgedGroupTimeSeriesSplit": "ABCMeta", "SimpleImputer": "type", "TimeSeriesSplit": "ABCMeta", "WandbCallback": "type", "builtins": "module", "cal_rv": "function", "data": "DataFrame", "data_C": "DataFrame", "data_P": "DataFrame", "datetime": "module", "features": "list", "gc": "module", "indexable": "function", "keras": "module", "layers": "module", "log_loss": "function", "math": "module", "mean_squared_error": "function", "models": "list", "nn_model": "function", "np": "module", "os": "module", "pd": "module", "plt": "module", "preprocessing": "module", "px": "module", "scores": "list", "setup_cv": "function", "stats": "module", "sweep_config": "dict", "sweep_id": "str", "sys": "module", "target": "list", "tf": "module", "time": "module", "wandb": "module", "wandb_callback": "function", "xgb": "module", "xgb_model": "function"}
{"CONFIG": "type", "GroupKFold": "ABCMeta", "GroupTimeSeriesSplit": "ABCMeta", "KFold": "ABCMeta", "PurgedGroupTimeSeriesSplit": "ABCMeta", "SimpleImputer": "type", "TimeSeriesSplit": "ABCMeta", "WandbCallback": "type", "builtins": "module", "cal_rv": "function", "data": "DataFrame", "data_C": "DataFrame", "data_P": "DataFrame", "datetime": "module", "features": "list", "gc": "module", "indexable": "function", "keras": "module", "layers": "module", "log_loss": "function", "math": "module", "mean_squared_error": "function", "models": "list", "nn_model": "function", "np": "module", "os": "module", "pd": "module", "plt": "module", "preprocessing": "module", "px": "module", "scores": "list", "setup_cv": "function", "stats": "module", "sweep_config": "dict", "sweep_id": "str", "sys": "module", "target": "list", "tf": "module", "time": "module", "wandb": "module", "wandb_callback": "function", "xgb": "module", "xgb_model": "function"}
{"shape": "", "count": 4, "type": "dict"}
{"shape": "", "count": 4, "type": "dict"}
Create sweep with ID: 97k4tn7b
Sweep URL: https://wandb.ai/dylanli/Option-project/sweeps/97k4tn7b
{"CONFIG": "type", "GroupKFold": "ABCMeta", "GroupTimeSeriesSplit": "ABCMeta", "KFold": "ABCMeta", "PurgedGroupTimeSeriesSplit": "ABCMeta", "SimpleImputer": "type", "TimeSeriesSplit": "ABCMeta", "WandbCallback": "type", "builtins": "module", "cal_rv": "function", "data": "DataFrame", "data_C": "DataFrame", "data_P": "DataFrame", "datetime": "module", "features": "list", "gc": "module", "indexable": "function", "keras": "module", "layers": "module", "log_loss": "function", "math": "module", "mean_squared_error": "function", "models": "list", "nn_model": "function", "np": "module", "os": "module", "pd": "module", "plt": "module", "preprocessing": "module", "px": "module", "scores": "list", "setup_cv": "function", "stats": "module", "sweep_config": "dict", "sweep_id": "str", "sys": "module", "target": "list", "tf": "module", "time": "module", "wandb": "module", "wandb_callback": "function", "xgb": "module", "xgb_model": "function"}
{"CONFIG": "type", "GroupKFold": "ABCMeta", "GroupTimeSeriesSplit": "ABCMeta", "KFold": "ABCMeta", "PurgedGroupTimeSeriesSplit": "ABCMeta", "SimpleImputer": "type", "TimeSeriesSplit": "ABCMeta", "WandbCallback": "type", "builtins": "module", "cal_rv": "function", "data": "DataFrame", "data_C": "DataFrame", "data_P": "DataFrame", "datetime": "module", "features": "list", "gc": "module", "indexable": "function", "keras": "module", "layers": "module", "log_loss": "function", "math": "module", "mean_squared_error": "function", "models": "list", "nn_model": "function", "np": "module", "os": "module", "pd": "module", "plt": "module", "preprocessing": "module", "px": "module", "scores": "list", "setup_cv": "function", "stats": "module", "sweep_config": "dict", "sweep_id": "str", "sys": "module", "target": "list", "tf": "module", "time": "module", "wandb": "module", "wandb_callback": "function", "xgb": "module", "xgb_model": "function"}
{"CONFIG": "type", "GroupKFold": "ABCMeta", "GroupTimeSeriesSplit": "ABCMeta", "KFold": "ABCMeta", "PurgedGroupTimeSeriesSplit": "ABCMeta", "SimpleImputer": "type", "TimeSeriesSplit": "ABCMeta", "WandbCallback": "type", "builtins": "module", "cal_rv": "function", "data": "DataFrame", "data_C": "DataFrame", "data_P": "DataFrame", "datetime": "module", "features": "list", "gc": "module", "indexable": "function", "keras": "module", "layers": "module", "log_loss": "function", "math": "module", "mean_squared_error": "function", "models": "list", "nn_model": "function", "np": "module", "os": "module", "pd": "module", "plt": "module", "preprocessing": "module", "px": "module", "scores": "list", "setup_cv": "function", "stats": "module", "sweep_config": "dict", "sweep_id": "str", "sys": "module", "target": "list", "tf": "module", "time": "module", "wandb": "module", "wandb_callback": "function", "xgb": "module", "xgb_model": "function"}
{"CONFIG": "type", "GroupKFold": "ABCMeta", "GroupTimeSeriesSplit": "ABCMeta", "KFold": "ABCMeta", "PurgedGroupTimeSeriesSplit": "ABCMeta", "SimpleImputer": "type", "TimeSeriesSplit": "ABCMeta", "WandbCallback": "type", "builtins": "module", "cal_rv": "function", "data": "DataFrame", "data_C": "DataFrame", "data_P": "DataFrame", "datetime": "module", "features": "list", "gc": "module", "indexable": "function", "keras": "module", "layers": "module", "log_loss": "function", "math": "module", "mean_squared_error": "function", "models": "list", "nn_model": "function", "np": "module", "os": "module", "pd": "module", "plt": "module", "preprocessing": "module", "px": "module", "scores": "list", "setup_cv": "function", "stats": "module", "sweep_config": "dict", "sweep_id": "str", "sys": "module", "target": "list", "tf": "module", "time": "module", "wandb": "module", "wandb_callback": "function", "xgb": "module", "xgb_model": "function"}
[34m[1mwandb[39m[22m: Agent Starting Run: 8pmmgszw with config:
[34m[1mwandb[39m[22m: 	activation: swish
[34m[1mwandb[39m[22m: 	dropout: 0.8
[34m[1mwandb[39m[22m: 	epochs: 100
[34m[1mwandb[39m[22m: 	learning_rate: 0.003
[34m[1mwandb[39m[22m: 	nn_nodes: [256, 128, 64]
[34m[1mwandb[39m[22m: 	optimizer: adam
{"CONFIG": "type", "GroupKFold": "ABCMeta", "GroupTimeSeriesSplit": "ABCMeta", "KFold": "ABCMeta", "PurgedGroupTimeSeriesSplit": "ABCMeta", "SimpleImputer": "type", "TimeSeriesSplit": "ABCMeta", "WandbCallback": "type", "builtins": "module", "cal_rv": "function", "data": "DataFrame", "data_C": "DataFrame", "data_P": "DataFrame", "datetime": "module", "features": "list", "gc": "module", "indexable": "function", "keras": "module", "layers": "module", "log_loss": "function", "math": "module", "mean_squared_error": "function", "models": "list", "nn_model": "function", "np": "module", "os": "module", "pd": "module", "plt": "module", "preprocessing": "module", "px": "module", "scores": "list", "setup_cv": "function", "stats": "module", "sweep_config": "dict", "sweep_id": "str", "sys": "module", "target": "list", "tf": "module", "time": "module", "wandb": "module", "wandb_callback": "function", "xgb": "module", "xgb_model": "function"}
[34m[1mwandb[39m[22m: [33mWARNING[39m Ignored wandb.init() arg project when running a sweep.
[34m[1mwandb[39m[22m: [33mWARNING[39m Ignored wandb.init() arg entity when running a sweep.