2022-05-23 15:30:50,710 INFO    Thread-15 :19781 [wandb_setup.py:_flush():75] Loading settings from /Users/dylan/.config/wandb/settings
2022-05-23 15:30:50,710 INFO    Thread-15 :19781 [wandb_setup.py:_flush():75] Loading settings from wandb/settings
2022-05-23 15:30:50,710 INFO    Thread-15 :19781 [wandb_setup.py:_flush():75] Loading settings from environment variables: {'entity': 'dylanli', 'project': 'Option-project', 'root_dir': '/Users/dylan/iCollections/桌面文件/Repo/Option_Pricing/Code', 'sweep_id': 'qoq1008c', 'run_id': 'gz538n93', 'sweep_param_path': '/Users/dylan/iCollections/桌面文件/Repo/Option_Pricing/Code/wandb/sweep-qoq1008c/config-gz538n93.yaml'}
2022-05-23 15:30:50,710 INFO    Thread-15 :19781 [wandb_setup.py:_flush():75] Inferring run settings from compute environment: {'program': '<python with no main file>'}
2022-05-23 15:30:50,710 INFO    Thread-15 :19781 [wandb_init.py:_log_setup():437] Logging user logs to /Users/dylan/iCollections/桌面文件/Repo/Option_Pricing/Code/wandb/run-20220523_153050-gz538n93/logs/debug.log
2022-05-23 15:30:50,710 INFO    Thread-15 :19781 [wandb_init.py:_log_setup():438] Logging internal logs to /Users/dylan/iCollections/桌面文件/Repo/Option_Pricing/Code/wandb/run-20220523_153050-gz538n93/logs/debug-internal.log
2022-05-23 15:30:50,710 INFO    Thread-15 :19781 [wandb_init.py:init():471] calling init triggers
2022-05-23 15:30:50,710 INFO    Thread-15 :19781 [wandb_init.py:init():474] wandb.init called with sweep_config: {'activation': 'swish', 'dropout': 0.8, 'epochs': 200, 'learning_rate': 0.1, 'nn_nodes': [], 'optimizer': 'sgd'}
config: {'batch_size': 1024, 'epochs': 100, 'dropout': 0.5, 'activation_type': 'swish', 'optimizer': 'adam', 'seed': 42, 'learning_rate': 0.001, 'nn_nodes': [128, 128, 128]}
2022-05-23 15:30:50,710 INFO    Thread-15 :19781 [wandb_init.py:init():524] starting backend
2022-05-23 15:30:50,710 INFO    Thread-15 :19781 [backend.py:_multiprocessing_setup():97] multiprocessing start_methods=spawn,fork,forkserver, using: spawn
2022-05-23 15:30:50,712 INFO    Thread-15 :19781 [backend.py:ensure_launched():217] starting backend process...
2022-05-23 15:30:50,744 INFO    Thread-15 :19781 [backend.py:ensure_launched():222] started backend process with pid: 24276
2022-05-23 15:30:50,752 INFO    Thread-15 :19781 [wandb_init.py:init():533] backend started and connected
2022-05-23 15:30:50,767 INFO    Thread-15 :19781 [wandb_run.py:_config_callback():1131] config_cb None None {'activation': 'swish', 'dropout': 0.8, 'epochs': 200, 'learning_rate': 0.1, 'nn_nodes': [], 'optimizer': 'sgd'}
2022-05-23 15:30:50,777 INFO    Thread-15 :19781 [wandb_run.py:_label_probe_notebook():1084] probe notebook
2022-05-23 15:30:50,793 INFO    Thread-15 :19781 [wandb_run.py:_label_probe_notebook():1094] Unable to probe notebook: 'NoneType' object has no attribute 'get'
2022-05-23 15:30:50,794 INFO    Thread-15 :19781 [wandb_init.py:init():597] updated telemetry
2022-05-23 15:30:50,817 INFO    Thread-15 :19781 [wandb_init.py:init():628] communicating run to backend with 30 second timeout
2022-05-23 15:30:58,728 INFO    Thread-15 :19781 [wandb_run.py:_on_init():1923] communicating current version
2022-05-23 15:30:59,019 INFO    Thread-15 :19781 [wandb_run.py:_on_init():1927] got version response upgrade_message: "wandb version 0.12.16 is available!  To upgrade, please run:\n $ pip install wandb --upgrade"

2022-05-23 15:30:59,026 INFO    Thread-15 :19781 [wandb_init.py:init():659] starting run threads in backend
2022-05-23 15:31:03,141 INFO    Thread-15 :19781 [wandb_run.py:_console_start():1897] atexit reg
2022-05-23 15:31:03,157 INFO    Thread-15 :19781 [wandb_run.py:_redirect():1770] redirect: SettingsConsole.WRAP
2022-05-23 15:31:03,157 INFO    Thread-15 :19781 [wandb_run.py:_redirect():1807] Wrapping output streams.
2022-05-23 15:31:03,507 INFO    Thread-15 :19781 [wandb_run.py:_redirect():1831] Redirects installed.
2022-05-23 15:31:03,513 INFO    Thread-15 :19781 [wandb_init.py:init():684] run started, returning control to user process
2022-05-23 15:35:27,260 ERROR   Thread-14 :19781 [retry.py:__call__():126] Retry attempt failed:
Traceback (most recent call last):
  File "/Users/dylan/miniforge3/envs/machine_learning/lib/python3.8/site-packages/urllib3/connectionpool.py", line 700, in urlopen
    self._prepare_proxy(conn)
  File "/Users/dylan/miniforge3/envs/machine_learning/lib/python3.8/site-packages/urllib3/connectionpool.py", line 994, in _prepare_proxy
    conn.connect()
  File "/Users/dylan/miniforge3/envs/machine_learning/lib/python3.8/site-packages/urllib3/connection.py", line 414, in connect
    self.sock = ssl_wrap_socket(
  File "/Users/dylan/miniforge3/envs/machine_learning/lib/python3.8/site-packages/urllib3/util/ssl_.py", line 449, in ssl_wrap_socket
    ssl_sock = _ssl_wrap_socket_impl(
  File "/Users/dylan/miniforge3/envs/machine_learning/lib/python3.8/site-packages/urllib3/util/ssl_.py", line 493, in _ssl_wrap_socket_impl
    return ssl_context.wrap_socket(sock, server_hostname=server_hostname)
  File "/Users/dylan/miniforge3/envs/machine_learning/lib/python3.8/ssl.py", line 500, in wrap_socket
    return self.sslsocket_class._create(
  File "/Users/dylan/miniforge3/envs/machine_learning/lib/python3.8/ssl.py", line 1040, in _create
    self.do_handshake()
  File "/Users/dylan/miniforge3/envs/machine_learning/lib/python3.8/ssl.py", line 1309, in do_handshake
    self._sslobj.do_handshake()
ssl.SSLEOFError: EOF occurred in violation of protocol (_ssl.c:1131)

During handling of the above exception, another exception occurred:

Traceback (most recent call last):
  File "/Users/dylan/miniforge3/envs/machine_learning/lib/python3.8/site-packages/requests/adapters.py", line 440, in send
    resp = conn.urlopen(
  File "/Users/dylan/miniforge3/envs/machine_learning/lib/python3.8/site-packages/urllib3/connectionpool.py", line 785, in urlopen
    retries = retries.increment(
  File "/Users/dylan/miniforge3/envs/machine_learning/lib/python3.8/site-packages/urllib3/util/retry.py", line 592, in increment
    raise MaxRetryError(_pool, url, error or ResponseError(cause))
urllib3.exceptions.MaxRetryError: HTTPSConnectionPool(host='api.wandb.ai', port=443): Max retries exceeded with url: /graphql (Caused by SSLError(SSLEOFError(8, 'EOF occurred in violation of protocol (_ssl.c:1131)')))

During handling of the above exception, another exception occurred:

Traceback (most recent call last):
  File "/Users/dylan/miniforge3/envs/machine_learning/lib/python3.8/site-packages/wandb/sdk/lib/retry.py", line 102, in __call__
    result = self._call_fn(*args, **kwargs)
  File "/Users/dylan/miniforge3/envs/machine_learning/lib/python3.8/site-packages/wandb/sdk/internal/internal_api.py", line 140, in execute
    return self.client.execute(*args, **kwargs)
  File "/Users/dylan/miniforge3/envs/machine_learning/lib/python3.8/site-packages/wandb/vendor/gql-0.2.0/wandb_gql/client.py", line 52, in execute
    result = self._get_result(document, *args, **kwargs)
  File "/Users/dylan/miniforge3/envs/machine_learning/lib/python3.8/site-packages/wandb/vendor/gql-0.2.0/wandb_gql/client.py", line 60, in _get_result
    return self.transport.execute(document, *args, **kwargs)
  File "/Users/dylan/miniforge3/envs/machine_learning/lib/python3.8/site-packages/wandb/vendor/gql-0.2.0/wandb_gql/transport/requests.py", line 38, in execute
    request = requests.post(self.url, **post_args)
  File "/Users/dylan/miniforge3/envs/machine_learning/lib/python3.8/site-packages/requests/api.py", line 117, in post
    return request('post', url, data=data, json=json, **kwargs)
  File "/Users/dylan/miniforge3/envs/machine_learning/lib/python3.8/site-packages/requests/api.py", line 61, in request
    return session.request(method=method, url=url, **kwargs)
  File "/Users/dylan/miniforge3/envs/machine_learning/lib/python3.8/site-packages/requests/sessions.py", line 529, in request
    resp = self.send(prep, **send_kwargs)
  File "/Users/dylan/miniforge3/envs/machine_learning/lib/python3.8/site-packages/requests/sessions.py", line 645, in send
    r = adapter.send(request, **kwargs)
  File "/Users/dylan/miniforge3/envs/machine_learning/lib/python3.8/site-packages/requests/adapters.py", line 517, in send
    raise SSLError(e, request=request)
requests.exceptions.SSLError: HTTPSConnectionPool(host='api.wandb.ai', port=443): Max retries exceeded with url: /graphql (Caused by SSLError(SSLEOFError(8, 'EOF occurred in violation of protocol (_ssl.c:1131)')))
2022-05-23 16:06:50,536 INFO    Thread-15 :19781 [wandb_run.py:_finish():1685] finishing run dylanli/Option-project/gz538n93
2022-05-23 16:06:50,537 INFO    Thread-15 :19781 [wandb_run.py:_atexit_cleanup():1866] got exitcode: 0
2022-05-23 16:06:50,537 INFO    Thread-15 :19781 [wandb_run.py:_restore():1838] restore
2022-05-23 16:06:52,042 INFO    Thread-15 :19781 [wandb_run.py:_on_finish():1995] got exit ret: file_counts {
  wandb_count: 1
  media_count: 1
  other_count: 1
}
pusher_stats {
  uploaded_bytes: 46938
  total_bytes: 46938
}

2022-05-23 16:06:52,746 INFO    Thread-15 :19781 [wandb_run.py:_on_finish():1995] got exit ret: file_counts {
  wandb_count: 1
  media_count: 1
  other_count: 1
}
pusher_stats {
  uploaded_bytes: 46938
  total_bytes: 46938
}

2022-05-23 16:06:53,173 INFO    Thread-15 :19781 [wandb_run.py:_on_finish():1995] got exit ret: file_counts {
  wandb_count: 1
  media_count: 1
  other_count: 1
}
pusher_stats {
  uploaded_bytes: 46938
  total_bytes: 46938
}

2022-05-23 16:06:53,540 INFO    Thread-15 :19781 [wandb_run.py:_on_finish():1995] got exit ret: file_counts {
  wandb_count: 6
  media_count: 1
  other_count: 1
}
pusher_stats {
  uploaded_bytes: 46938
  total_bytes: 190896
}

2022-05-23 16:06:53,661 INFO    Thread-15 :19781 [wandb_run.py:_on_finish():1995] got exit ret: file_counts {
  wandb_count: 6
  media_count: 1
  other_count: 1
}
pusher_stats {
  uploaded_bytes: 1482
  total_bytes: 190896
}

2022-05-23 16:06:53,784 INFO    Thread-15 :19781 [wandb_run.py:_on_finish():1995] got exit ret: file_counts {
  wandb_count: 6
  media_count: 1
  other_count: 1
}
pusher_stats {
  uploaded_bytes: 1482
  total_bytes: 190896
}

2022-05-23 16:06:53,886 INFO    Thread-15 :19781 [wandb_run.py:_on_finish():1995] got exit ret: file_counts {
  wandb_count: 6
  media_count: 1
  other_count: 1
}
pusher_stats {
  uploaded_bytes: 1482
  total_bytes: 190896
}

2022-05-23 16:06:53,997 INFO    Thread-15 :19781 [wandb_run.py:_on_finish():1995] got exit ret: file_counts {
  wandb_count: 6
  media_count: 1
  other_count: 1
}
pusher_stats {
  uploaded_bytes: 1482
  total_bytes: 190896
}

2022-05-23 16:06:54,125 INFO    Thread-15 :19781 [wandb_run.py:_on_finish():1995] got exit ret: file_counts {
  wandb_count: 6
  media_count: 1
  other_count: 1
}
pusher_stats {
  uploaded_bytes: 1482
  total_bytes: 190896
}

2022-05-23 16:06:54,249 INFO    Thread-15 :19781 [wandb_run.py:_on_finish():1995] got exit ret: file_counts {
  wandb_count: 6
  media_count: 1
  other_count: 1
}
pusher_stats {
  uploaded_bytes: 48211
  total_bytes: 190896
}

2022-05-23 16:06:54,383 INFO    Thread-15 :19781 [wandb_run.py:_on_finish():1995] got exit ret: file_counts {
  wandb_count: 6
  media_count: 1
  other_count: 1
}
pusher_stats {
  uploaded_bytes: 48211
  total_bytes: 190896
}

2022-05-23 16:06:54,503 INFO    Thread-15 :19781 [wandb_run.py:_on_finish():1995] got exit ret: file_counts {
  wandb_count: 6
  media_count: 1
  other_count: 1
}
pusher_stats {
  uploaded_bytes: 48211
  total_bytes: 190896
}

2022-05-23 16:06:54,614 INFO    Thread-15 :19781 [wandb_run.py:_on_finish():1995] got exit ret: file_counts {
  wandb_count: 6
  media_count: 1
  other_count: 1
}
pusher_stats {
  uploaded_bytes: 175105
  total_bytes: 190896
}

2022-05-23 16:06:54,718 INFO    Thread-15 :19781 [wandb_run.py:_on_finish():1995] got exit ret: file_counts {
  wandb_count: 6
  media_count: 1
  other_count: 1
}
pusher_stats {
  uploaded_bytes: 175105
  total_bytes: 190896
}

2022-05-23 16:06:54,828 INFO    Thread-15 :19781 [wandb_run.py:_on_finish():1995] got exit ret: file_counts {
  wandb_count: 6
  media_count: 1
  other_count: 1
}
pusher_stats {
  uploaded_bytes: 175105
  total_bytes: 190896
}

2022-05-23 16:06:54,953 INFO    Thread-15 :19781 [wandb_run.py:_on_finish():1995] got exit ret: file_counts {
  wandb_count: 6
  media_count: 1
  other_count: 1
}
pusher_stats {
  uploaded_bytes: 175105
  total_bytes: 190896
}

2022-05-23 16:06:55,057 INFO    Thread-15 :19781 [wandb_run.py:_on_finish():1995] got exit ret: file_counts {
  wandb_count: 6
  media_count: 1
  other_count: 1
}
pusher_stats {
  uploaded_bytes: 175105
  total_bytes: 190896
}

2022-05-23 16:06:55,181 INFO    Thread-15 :19781 [wandb_run.py:_on_finish():1995] got exit ret: file_counts {
  wandb_count: 6
  media_count: 1
  other_count: 1
}
pusher_stats {
  uploaded_bytes: 175105
  total_bytes: 190896
}

2022-05-23 16:06:55,305 INFO    Thread-15 :19781 [wandb_run.py:_on_finish():1995] got exit ret: file_counts {
  wandb_count: 6
  media_count: 1
  other_count: 1
}
pusher_stats {
  uploaded_bytes: 175105
  total_bytes: 190896
}

2022-05-23 16:06:55,412 INFO    Thread-15 :19781 [wandb_run.py:_on_finish():1995] got exit ret: file_counts {
  wandb_count: 6
  media_count: 1
  other_count: 1
}
pusher_stats {
  uploaded_bytes: 175105
  total_bytes: 190896
}

2022-05-23 16:06:55,519 INFO    Thread-15 :19781 [wandb_run.py:_on_finish():1995] got exit ret: file_counts {
  wandb_count: 6
  media_count: 1
  other_count: 1
}
pusher_stats {
  uploaded_bytes: 175105
  total_bytes: 190896
}

2022-05-23 16:06:55,620 INFO    Thread-15 :19781 [wandb_run.py:_on_finish():1995] got exit ret: file_counts {
  wandb_count: 6
  media_count: 1
  other_count: 1
}
pusher_stats {
  uploaded_bytes: 175105
  total_bytes: 190896
}

2022-05-23 16:06:55,731 INFO    Thread-15 :19781 [wandb_run.py:_on_finish():1995] got exit ret: file_counts {
  wandb_count: 6
  media_count: 1
  other_count: 1
}
pusher_stats {
  uploaded_bytes: 175105
  total_bytes: 190896
}

2022-05-23 16:06:55,842 INFO    Thread-15 :19781 [wandb_run.py:_on_finish():1995] got exit ret: file_counts {
  wandb_count: 6
  media_count: 1
  other_count: 1
}
pusher_stats {
  uploaded_bytes: 175105
  total_bytes: 190896
}

2022-05-23 16:06:55,946 INFO    Thread-15 :19781 [wandb_run.py:_on_finish():1995] got exit ret: file_counts {
  wandb_count: 6
  media_count: 1
  other_count: 1
}
pusher_stats {
  uploaded_bytes: 175105
  total_bytes: 190896
}

2022-05-23 16:06:56,072 INFO    Thread-15 :19781 [wandb_run.py:_on_finish():1995] got exit ret: file_counts {
  wandb_count: 6
  media_count: 1
  other_count: 1
}
pusher_stats {
  uploaded_bytes: 175105
  total_bytes: 190896
}

2022-05-23 16:06:56,196 INFO    Thread-15 :19781 [wandb_run.py:_on_finish():1995] got exit ret: file_counts {
  wandb_count: 6
  media_count: 1
  other_count: 1
}
pusher_stats {
  uploaded_bytes: 175105
  total_bytes: 190896
}

2022-05-23 16:06:56,317 INFO    Thread-15 :19781 [wandb_run.py:_on_finish():1995] got exit ret: file_counts {
  wandb_count: 6
  media_count: 1
  other_count: 1
}
pusher_stats {
  uploaded_bytes: 175105
  total_bytes: 190896
}

2022-05-23 16:06:56,426 INFO    Thread-15 :19781 [wandb_run.py:_on_finish():1995] got exit ret: file_counts {
  wandb_count: 6
  media_count: 1
  other_count: 1
}
pusher_stats {
  uploaded_bytes: 175105
  total_bytes: 190896
}

2022-05-23 16:06:56,544 INFO    Thread-15 :19781 [wandb_run.py:_on_finish():1995] got exit ret: file_counts {
  wandb_count: 6
  media_count: 1
  other_count: 1
}
pusher_stats {
  uploaded_bytes: 175105
  total_bytes: 190896
}

2022-05-23 16:06:56,662 INFO    Thread-15 :19781 [wandb_run.py:_on_finish():1995] got exit ret: file_counts {
  wandb_count: 6
  media_count: 1
  other_count: 1
}
pusher_stats {
  uploaded_bytes: 175105
  total_bytes: 190896
}

2022-05-23 16:06:56,769 INFO    Thread-15 :19781 [wandb_run.py:_on_finish():1995] got exit ret: file_counts {
  wandb_count: 6
  media_count: 1
  other_count: 1
}
pusher_stats {
  uploaded_bytes: 175105
  total_bytes: 190896
}

2022-05-23 16:06:56,875 INFO    Thread-15 :19781 [wandb_run.py:_on_finish():1995] got exit ret: file_counts {
  wandb_count: 6
  media_count: 1
  other_count: 1
}
pusher_stats {
  uploaded_bytes: 175105
  total_bytes: 190896
}

2022-05-23 16:06:56,994 INFO    Thread-15 :19781 [wandb_run.py:_on_finish():1995] got exit ret: file_counts {
  wandb_count: 6
  media_count: 1
  other_count: 1
}
pusher_stats {
  uploaded_bytes: 175105
  total_bytes: 190896
}

2022-05-23 16:06:57,113 INFO    Thread-15 :19781 [wandb_run.py:_on_finish():1995] got exit ret: file_counts {
  wandb_count: 6
  media_count: 1
  other_count: 1
}
pusher_stats {
  uploaded_bytes: 175105
  total_bytes: 190896
}

2022-05-23 16:06:57,244 INFO    Thread-15 :19781 [wandb_run.py:_on_finish():1995] got exit ret: file_counts {
  wandb_count: 6
  media_count: 1
  other_count: 1
}
pusher_stats {
  uploaded_bytes: 175105
  total_bytes: 190896
}

2022-05-23 16:06:57,366 INFO    Thread-15 :19781 [wandb_run.py:_on_finish():1995] got exit ret: file_counts {
  wandb_count: 6
  media_count: 1
  other_count: 1
}
pusher_stats {
  uploaded_bytes: 175105
  total_bytes: 190896
}

2022-05-23 16:06:57,492 INFO    Thread-15 :19781 [wandb_run.py:_on_finish():1995] got exit ret: file_counts {
  wandb_count: 6
  media_count: 1
  other_count: 1
}
pusher_stats {
  uploaded_bytes: 175105
  total_bytes: 190896
}

2022-05-23 16:06:57,616 INFO    Thread-15 :19781 [wandb_run.py:_on_finish():1995] got exit ret: file_counts {
  wandb_count: 6
  media_count: 1
  other_count: 1
}
pusher_stats {
  uploaded_bytes: 175105
  total_bytes: 190896
}

2022-05-23 16:06:57,730 INFO    Thread-15 :19781 [wandb_run.py:_on_finish():1995] got exit ret: file_counts {
  wandb_count: 6
  media_count: 1
  other_count: 1
}
pusher_stats {
  uploaded_bytes: 175105
  total_bytes: 190896
}

2022-05-23 16:06:57,840 INFO    Thread-15 :19781 [wandb_run.py:_on_finish():1995] got exit ret: file_counts {
  wandb_count: 6
  media_count: 1
  other_count: 1
}
pusher_stats {
  uploaded_bytes: 175105
  total_bytes: 190896
}

2022-05-23 16:06:57,964 INFO    Thread-15 :19781 [wandb_run.py:_on_finish():1995] got exit ret: file_counts {
  wandb_count: 6
  media_count: 1
  other_count: 1
}
pusher_stats {
  uploaded_bytes: 175105
  total_bytes: 190896
}

2022-05-23 16:06:58,073 INFO    Thread-15 :19781 [wandb_run.py:_on_finish():1995] got exit ret: file_counts {
  wandb_count: 6
  media_count: 1
  other_count: 1
}
pusher_stats {
  uploaded_bytes: 175105
  total_bytes: 190896
}

2022-05-23 16:06:58,197 INFO    Thread-15 :19781 [wandb_run.py:_on_finish():1995] got exit ret: file_counts {
  wandb_count: 6
  media_count: 1
  other_count: 1
}
pusher_stats {
  uploaded_bytes: 175105
  total_bytes: 190896
}

2022-05-23 16:06:58,302 INFO    Thread-15 :19781 [wandb_run.py:_on_finish():1995] got exit ret: file_counts {
  wandb_count: 6
  media_count: 1
  other_count: 1
}
pusher_stats {
  uploaded_bytes: 175105
  total_bytes: 190896
}

2022-05-23 16:06:58,409 INFO    Thread-15 :19781 [wandb_run.py:_on_finish():1995] got exit ret: file_counts {
  wandb_count: 6
  media_count: 1
  other_count: 1
}
pusher_stats {
  uploaded_bytes: 175105
  total_bytes: 190896
}

2022-05-23 16:06:58,513 INFO    Thread-15 :19781 [wandb_run.py:_on_finish():1995] got exit ret: file_counts {
  wandb_count: 6
  media_count: 1
  other_count: 1
}
pusher_stats {
  uploaded_bytes: 175105
  total_bytes: 190896
}

2022-05-23 16:06:58,619 INFO    Thread-15 :19781 [wandb_run.py:_on_finish():1995] got exit ret: file_counts {
  wandb_count: 6
  media_count: 1
  other_count: 1
}
pusher_stats {
  uploaded_bytes: 175105
  total_bytes: 190896
}

2022-05-23 16:06:58,726 INFO    Thread-15 :19781 [wandb_run.py:_on_finish():1995] got exit ret: file_counts {
  wandb_count: 6
  media_count: 1
  other_count: 1
}
pusher_stats {
  uploaded_bytes: 175105
  total_bytes: 190896
}

2022-05-23 16:06:58,845 INFO    Thread-15 :19781 [wandb_run.py:_on_finish():1995] got exit ret: file_counts {
  wandb_count: 6
  media_count: 1
  other_count: 1
}
pusher_stats {
  uploaded_bytes: 175105
  total_bytes: 190896
}

2022-05-23 16:06:58,956 INFO    Thread-15 :19781 [wandb_run.py:_on_finish():1995] got exit ret: file_counts {
  wandb_count: 6
  media_count: 1
  other_count: 1
}
pusher_stats {
  uploaded_bytes: 175105
  total_bytes: 190896
}

2022-05-23 16:06:59,063 INFO    Thread-15 :19781 [wandb_run.py:_on_finish():1995] got exit ret: file_counts {
  wandb_count: 6
  media_count: 1
  other_count: 1
}
pusher_stats {
  uploaded_bytes: 175105
  total_bytes: 190896
}

2022-05-23 16:06:59,181 INFO    Thread-15 :19781 [wandb_run.py:_on_finish():1995] got exit ret: file_counts {
  wandb_count: 6
  media_count: 1
  other_count: 1
}
pusher_stats {
  uploaded_bytes: 175105
  total_bytes: 190896
}

2022-05-23 16:06:59,285 INFO    Thread-15 :19781 [wandb_run.py:_on_finish():1995] got exit ret: file_counts {
  wandb_count: 6
  media_count: 1
  other_count: 1
}
pusher_stats {
  uploaded_bytes: 175105
  total_bytes: 190896
}

2022-05-23 16:06:59,410 INFO    Thread-15 :19781 [wandb_run.py:_on_finish():1995] got exit ret: file_counts {
  wandb_count: 6
  media_count: 1
  other_count: 1
}
pusher_stats {
  uploaded_bytes: 175105
  total_bytes: 190896
}

2022-05-23 16:06:59,532 INFO    Thread-15 :19781 [wandb_run.py:_on_finish():1995] got exit ret: file_counts {
  wandb_count: 6
  media_count: 1
  other_count: 1
}
pusher_stats {
  uploaded_bytes: 175105
  total_bytes: 190896
}

2022-05-23 16:06:59,637 INFO    Thread-15 :19781 [wandb_run.py:_on_finish():1995] got exit ret: file_counts {
  wandb_count: 6
  media_count: 1
  other_count: 1
}
pusher_stats {
  uploaded_bytes: 175105
  total_bytes: 190896
}

2022-05-23 16:06:59,762 INFO    Thread-15 :19781 [wandb_run.py:_on_finish():1995] got exit ret: file_counts {
  wandb_count: 6
  media_count: 1
  other_count: 1
}
pusher_stats {
  uploaded_bytes: 175105
  total_bytes: 190896
}

2022-05-23 16:06:59,871 INFO    Thread-15 :19781 [wandb_run.py:_on_finish():1995] got exit ret: file_counts {
  wandb_count: 6
  media_count: 1
  other_count: 1
}
pusher_stats {
  uploaded_bytes: 175105
  total_bytes: 190896
}

2022-05-23 16:06:59,991 INFO    Thread-15 :19781 [wandb_run.py:_on_finish():1995] got exit ret: file_counts {
  wandb_count: 6
  media_count: 1
  other_count: 1
}
pusher_stats {
  uploaded_bytes: 175105
  total_bytes: 190896
}

2022-05-23 16:07:00,098 INFO    Thread-15 :19781 [wandb_run.py:_on_finish():1995] got exit ret: file_counts {
  wandb_count: 6
  media_count: 1
  other_count: 1
}
pusher_stats {
  uploaded_bytes: 175105
  total_bytes: 190896
}

2022-05-23 16:07:00,220 INFO    Thread-15 :19781 [wandb_run.py:_on_finish():1995] got exit ret: file_counts {
  wandb_count: 6
  media_count: 1
  other_count: 1
}
pusher_stats {
  uploaded_bytes: 175105
  total_bytes: 190896
}

2022-05-23 16:07:00,324 INFO    Thread-15 :19781 [wandb_run.py:_on_finish():1995] got exit ret: file_counts {
  wandb_count: 6
  media_count: 1
  other_count: 1
}
pusher_stats {
  uploaded_bytes: 185769
  total_bytes: 190896
}

2022-05-23 16:07:00,440 INFO    Thread-15 :19781 [wandb_run.py:_on_finish():1995] got exit ret: file_counts {
  wandb_count: 6
  media_count: 1
  other_count: 1
}
pusher_stats {
  uploaded_bytes: 185769
  total_bytes: 190896
}

2022-05-23 16:07:00,556 INFO    Thread-15 :19781 [wandb_run.py:_on_finish():1995] got exit ret: file_counts {
  wandb_count: 6
  media_count: 1
  other_count: 1
}
pusher_stats {
  uploaded_bytes: 185769
  total_bytes: 190896
}

2022-05-23 16:07:00,664 INFO    Thread-15 :19781 [wandb_run.py:_on_finish():1995] got exit ret: file_counts {
  wandb_count: 6
  media_count: 1
  other_count: 1
}
pusher_stats {
  uploaded_bytes: 185769
  total_bytes: 190896
}

2022-05-23 16:07:00,774 INFO    Thread-15 :19781 [wandb_run.py:_on_finish():1995] got exit ret: file_counts {
  wandb_count: 6
  media_count: 1
  other_count: 1
}
pusher_stats {
  uploaded_bytes: 185769
  total_bytes: 190896
}

2022-05-23 16:07:00,879 INFO    Thread-15 :19781 [wandb_run.py:_on_finish():1995] got exit ret: file_counts {
  wandb_count: 6
  media_count: 1
  other_count: 1
}
pusher_stats {
  uploaded_bytes: 185769
  total_bytes: 190896
}

2022-05-23 16:07:00,981 INFO    Thread-15 :19781 [wandb_run.py:_on_finish():1995] got exit ret: file_counts {
  wandb_count: 6
  media_count: 1
  other_count: 1
}
pusher_stats {
  uploaded_bytes: 185769
  total_bytes: 190896
}

2022-05-23 16:07:01,083 INFO    Thread-15 :19781 [wandb_run.py:_on_finish():1995] got exit ret: file_counts {
  wandb_count: 6
  media_count: 1
  other_count: 1
}
pusher_stats {
  uploaded_bytes: 185769
  total_bytes: 190896
}

2022-05-23 16:07:01,184 INFO    Thread-15 :19781 [wandb_run.py:_on_finish():1995] got exit ret: file_counts {
  wandb_count: 6
  media_count: 1
  other_count: 1
}
pusher_stats {
  uploaded_bytes: 185769
  total_bytes: 190896
}

2022-05-23 16:07:01,306 INFO    Thread-15 :19781 [wandb_run.py:_on_finish():1995] got exit ret: file_counts {
  wandb_count: 6
  media_count: 1
  other_count: 1
}
pusher_stats {
  uploaded_bytes: 185769
  total_bytes: 190896
}

2022-05-23 16:07:01,427 INFO    Thread-15 :19781 [wandb_run.py:_on_finish():1995] got exit ret: file_counts {
  wandb_count: 6
  media_count: 1
  other_count: 1
}
pusher_stats {
  uploaded_bytes: 185769
  total_bytes: 190896
}

2022-05-23 16:07:01,547 INFO    Thread-15 :19781 [wandb_run.py:_on_finish():1995] got exit ret: file_counts {
  wandb_count: 6
  media_count: 1
  other_count: 1
}
pusher_stats {
  uploaded_bytes: 185769
  total_bytes: 190896
}

2022-05-23 16:07:01,667 INFO    Thread-15 :19781 [wandb_run.py:_on_finish():1995] got exit ret: file_counts {
  wandb_count: 6
  media_count: 1
  other_count: 1
}
pusher_stats {
  uploaded_bytes: 185769
  total_bytes: 190896
}

2022-05-23 16:07:01,791 INFO    Thread-15 :19781 [wandb_run.py:_on_finish():1995] got exit ret: file_counts {
  wandb_count: 6
  media_count: 1
  other_count: 1
}
pusher_stats {
  uploaded_bytes: 185769
  total_bytes: 190896
}

2022-05-23 16:07:01,919 INFO    Thread-15 :19781 [wandb_run.py:_on_finish():1995] got exit ret: file_counts {
  wandb_count: 6
  media_count: 1
  other_count: 1
}
pusher_stats {
  uploaded_bytes: 185769
  total_bytes: 190896
}

2022-05-23 16:07:02,021 INFO    Thread-15 :19781 [wandb_run.py:_on_finish():1995] got exit ret: file_counts {
  wandb_count: 6
  media_count: 1
  other_count: 1
}
pusher_stats {
  uploaded_bytes: 185769
  total_bytes: 190896
}

2022-05-23 16:07:02,141 INFO    Thread-15 :19781 [wandb_run.py:_on_finish():1995] got exit ret: file_counts {
  wandb_count: 6
  media_count: 1
  other_count: 1
}
pusher_stats {
  uploaded_bytes: 185769
  total_bytes: 190896
}

2022-05-23 16:07:02,262 INFO    Thread-15 :19781 [wandb_run.py:_on_finish():1995] got exit ret: file_counts {
  wandb_count: 6
  media_count: 1
  other_count: 1
}
pusher_stats {
  uploaded_bytes: 185769
  total_bytes: 190896
}

2022-05-23 16:07:02,385 INFO    Thread-15 :19781 [wandb_run.py:_on_finish():1995] got exit ret: file_counts {
  wandb_count: 6
  media_count: 1
  other_count: 1
}
pusher_stats {
  uploaded_bytes: 185769
  total_bytes: 190896
}

2022-05-23 16:07:02,505 INFO    Thread-15 :19781 [wandb_run.py:_on_finish():1995] got exit ret: file_counts {
  wandb_count: 6
  media_count: 1
  other_count: 1
}
pusher_stats {
  uploaded_bytes: 185769
  total_bytes: 190896
}

2022-05-23 16:07:02,610 INFO    Thread-15 :19781 [wandb_run.py:_on_finish():1995] got exit ret: file_counts {
  wandb_count: 6
  media_count: 1
  other_count: 1
}
pusher_stats {
  uploaded_bytes: 185769
  total_bytes: 190896
}

2022-05-23 16:07:02,738 INFO    Thread-15 :19781 [wandb_run.py:_on_finish():1995] got exit ret: file_counts {
  wandb_count: 6
  media_count: 1
  other_count: 1
}
pusher_stats {
  uploaded_bytes: 185769
  total_bytes: 190896
}

2022-05-23 16:07:02,859 INFO    Thread-15 :19781 [wandb_run.py:_on_finish():1995] got exit ret: file_counts {
  wandb_count: 6
  media_count: 1
  other_count: 1
}
pusher_stats {
  uploaded_bytes: 185769
  total_bytes: 190896
}

2022-05-23 16:07:02,960 INFO    Thread-15 :19781 [wandb_run.py:_on_finish():1995] got exit ret: file_counts {
  wandb_count: 6
  media_count: 1
  other_count: 1
}
pusher_stats {
  uploaded_bytes: 185769
  total_bytes: 190896
}

2022-05-23 16:07:03,081 INFO    Thread-15 :19781 [wandb_run.py:_on_finish():1995] got exit ret: file_counts {
  wandb_count: 6
  media_count: 1
  other_count: 1
}
pusher_stats {
  uploaded_bytes: 185769
  total_bytes: 190896
}

2022-05-23 16:07:03,185 INFO    Thread-15 :19781 [wandb_run.py:_on_finish():1995] got exit ret: file_counts {
  wandb_count: 6
  media_count: 1
  other_count: 1
}
pusher_stats {
  uploaded_bytes: 185769
  total_bytes: 190896
}

2022-05-23 16:07:03,305 INFO    Thread-15 :19781 [wandb_run.py:_on_finish():1995] got exit ret: file_counts {
  wandb_count: 6
  media_count: 1
  other_count: 1
}
pusher_stats {
  uploaded_bytes: 185769
  total_bytes: 190896
}

2022-05-23 16:07:03,430 INFO    Thread-15 :19781 [wandb_run.py:_on_finish():1995] got exit ret: file_counts {
  wandb_count: 6
  media_count: 1
  other_count: 1
}
pusher_stats {
  uploaded_bytes: 185769
  total_bytes: 190896
}

2022-05-23 16:07:03,551 INFO    Thread-15 :19781 [wandb_run.py:_on_finish():1995] got exit ret: file_counts {
  wandb_count: 6
  media_count: 1
  other_count: 1
}
pusher_stats {
  uploaded_bytes: 185769
  total_bytes: 190896
}

2022-05-23 16:07:03,668 INFO    Thread-15 :19781 [wandb_run.py:_on_finish():1995] got exit ret: file_counts {
  wandb_count: 6
  media_count: 1
  other_count: 1
}
pusher_stats {
  uploaded_bytes: 185769
  total_bytes: 190896
}

2022-05-23 16:07:03,795 INFO    Thread-15 :19781 [wandb_run.py:_on_finish():1995] got exit ret: file_counts {
  wandb_count: 6
  media_count: 1
  other_count: 1
}
pusher_stats {
  uploaded_bytes: 185769
  total_bytes: 190896
}

2022-05-23 16:07:03,906 INFO    Thread-15 :19781 [wandb_run.py:_on_finish():1995] got exit ret: file_counts {
  wandb_count: 6
  media_count: 1
  other_count: 1
}
pusher_stats {
  uploaded_bytes: 185769
  total_bytes: 190896
}

2022-05-23 16:07:04,031 INFO    Thread-15 :19781 [wandb_run.py:_on_finish():1995] got exit ret: file_counts {
  wandb_count: 6
  media_count: 1
  other_count: 1
}
pusher_stats {
  uploaded_bytes: 185769
  total_bytes: 190896
}

2022-05-23 16:07:04,152 INFO    Thread-15 :19781 [wandb_run.py:_on_finish():1995] got exit ret: file_counts {
  wandb_count: 6
  media_count: 1
  other_count: 1
}
pusher_stats {
  uploaded_bytes: 185769
  total_bytes: 190896
}

2022-05-23 16:07:04,270 INFO    Thread-15 :19781 [wandb_run.py:_on_finish():1995] got exit ret: file_counts {
  wandb_count: 6
  media_count: 1
  other_count: 1
}
pusher_stats {
  uploaded_bytes: 185769
  total_bytes: 190896
}

2022-05-23 16:07:04,373 INFO    Thread-15 :19781 [wandb_run.py:_on_finish():1995] got exit ret: file_counts {
  wandb_count: 6
  media_count: 1
  other_count: 1
}
pusher_stats {
  uploaded_bytes: 185769
  total_bytes: 190896
}

2022-05-23 16:07:04,486 INFO    Thread-15 :19781 [wandb_run.py:_on_finish():1995] got exit ret: file_counts {
  wandb_count: 6
  media_count: 1
  other_count: 1
}
pusher_stats {
  uploaded_bytes: 185769
  total_bytes: 190896
}

2022-05-23 16:07:04,591 INFO    Thread-15 :19781 [wandb_run.py:_on_finish():1995] got exit ret: file_counts {
  wandb_count: 6
  media_count: 1
  other_count: 1
}
pusher_stats {
  uploaded_bytes: 185769
  total_bytes: 190896
}

2022-05-23 16:07:04,711 INFO    Thread-15 :19781 [wandb_run.py:_on_finish():1995] got exit ret: file_counts {
  wandb_count: 6
  media_count: 1
  other_count: 1
}
pusher_stats {
  uploaded_bytes: 185769
  total_bytes: 190896
}

2022-05-23 16:07:04,827 INFO    Thread-15 :19781 [wandb_run.py:_on_finish():1995] got exit ret: file_counts {
  wandb_count: 6
  media_count: 1
  other_count: 1
}
pusher_stats {
  uploaded_bytes: 185769
  total_bytes: 190896
}

2022-05-23 16:07:04,954 INFO    Thread-15 :19781 [wandb_run.py:_on_finish():1995] got exit ret: file_counts {
  wandb_count: 6
  media_count: 1
  other_count: 1
}
pusher_stats {
  uploaded_bytes: 185769
  total_bytes: 190896
}

2022-05-23 16:07:05,073 INFO    Thread-15 :19781 [wandb_run.py:_on_finish():1995] got exit ret: file_counts {
  wandb_count: 6
  media_count: 1
  other_count: 1
}
pusher_stats {
  uploaded_bytes: 185769
  total_bytes: 190896
}

2022-05-23 16:07:05,196 INFO    Thread-15 :19781 [wandb_run.py:_on_finish():1995] got exit ret: file_counts {
  wandb_count: 6
  media_count: 1
  other_count: 1
}
pusher_stats {
  uploaded_bytes: 185769
  total_bytes: 190896
}

2022-05-23 16:07:05,320 INFO    Thread-15 :19781 [wandb_run.py:_on_finish():1995] got exit ret: file_counts {
  wandb_count: 6
  media_count: 1
  other_count: 1
}
pusher_stats {
  uploaded_bytes: 185769
  total_bytes: 190896
}

2022-05-23 16:07:05,447 INFO    Thread-15 :19781 [wandb_run.py:_on_finish():1995] got exit ret: file_counts {
  wandb_count: 6
  media_count: 1
  other_count: 1
}
pusher_stats {
  uploaded_bytes: 185769
  total_bytes: 190896
}

2022-05-23 16:07:05,566 INFO    Thread-15 :19781 [wandb_run.py:_on_finish():1995] got exit ret: file_counts {
  wandb_count: 6
  media_count: 1
  other_count: 1
}
pusher_stats {
  uploaded_bytes: 185769
  total_bytes: 190896
}

2022-05-23 16:07:05,689 INFO    Thread-15 :19781 [wandb_run.py:_on_finish():1995] got exit ret: file_counts {
  wandb_count: 6
  media_count: 1
  other_count: 1
}
pusher_stats {
  uploaded_bytes: 185769
  total_bytes: 190896
}

2022-05-23 16:07:05,812 INFO    Thread-15 :19781 [wandb_run.py:_on_finish():1995] got exit ret: file_counts {
  wandb_count: 6
  media_count: 1
  other_count: 1
}
pusher_stats {
  uploaded_bytes: 185769
  total_bytes: 190896
}

2022-05-23 16:07:05,920 INFO    Thread-15 :19781 [wandb_run.py:_on_finish():1995] got exit ret: file_counts {
  wandb_count: 6
  media_count: 1
  other_count: 1
}
pusher_stats {
  uploaded_bytes: 185769
  total_bytes: 190896
}

2022-05-23 16:07:06,061 INFO    Thread-15 :19781 [wandb_run.py:_on_finish():1995] got exit ret: file_counts {
  wandb_count: 6
  media_count: 1
  other_count: 1
}
pusher_stats {
  uploaded_bytes: 185769
  total_bytes: 190896
}

2022-05-23 16:07:06,185 INFO    Thread-15 :19781 [wandb_run.py:_on_finish():1995] got exit ret: file_counts {
  wandb_count: 6
  media_count: 1
  other_count: 1
}
pusher_stats {
  uploaded_bytes: 185769
  total_bytes: 190896
}

2022-05-23 16:07:06,303 INFO    Thread-15 :19781 [wandb_run.py:_on_finish():1995] got exit ret: file_counts {
  wandb_count: 6
  media_count: 1
  other_count: 1
}
pusher_stats {
  uploaded_bytes: 185769
  total_bytes: 190896
}

2022-05-23 16:07:06,410 INFO    Thread-15 :19781 [wandb_run.py:_on_finish():1995] got exit ret: file_counts {
  wandb_count: 6
  media_count: 1
  other_count: 1
}
pusher_stats {
  uploaded_bytes: 185769
  total_bytes: 190896
}

2022-05-23 16:07:06,531 INFO    Thread-15 :19781 [wandb_run.py:_on_finish():1995] got exit ret: file_counts {
  wandb_count: 6
  media_count: 1
  other_count: 1
}
pusher_stats {
  uploaded_bytes: 185769
  total_bytes: 190896
}

2022-05-23 16:07:06,652 INFO    Thread-15 :19781 [wandb_run.py:_on_finish():1995] got exit ret: file_counts {
  wandb_count: 6
  media_count: 1
  other_count: 1
}
pusher_stats {
  uploaded_bytes: 185769
  total_bytes: 190896
}

2022-05-23 16:07:06,754 INFO    Thread-15 :19781 [wandb_run.py:_on_finish():1995] got exit ret: file_counts {
  wandb_count: 6
  media_count: 1
  other_count: 1
}
pusher_stats {
  uploaded_bytes: 185769
  total_bytes: 190896
}

2022-05-23 16:07:06,856 INFO    Thread-15 :19781 [wandb_run.py:_on_finish():1995] got exit ret: file_counts {
  wandb_count: 6
  media_count: 1
  other_count: 1
}
pusher_stats {
  uploaded_bytes: 185769
  total_bytes: 190896
}

2022-05-23 16:07:06,978 INFO    Thread-15 :19781 [wandb_run.py:_on_finish():1995] got exit ret: file_counts {
  wandb_count: 6
  media_count: 1
  other_count: 1
}
pusher_stats {
  uploaded_bytes: 185769
  total_bytes: 190896
}

2022-05-23 16:07:07,100 INFO    Thread-15 :19781 [wandb_run.py:_on_finish():1995] got exit ret: file_counts {
  wandb_count: 6
  media_count: 1
  other_count: 1
}
pusher_stats {
  uploaded_bytes: 185769
  total_bytes: 190896
}

2022-05-23 16:07:07,201 INFO    Thread-15 :19781 [wandb_run.py:_on_finish():1995] got exit ret: file_counts {
  wandb_count: 6
  media_count: 1
  other_count: 1
}
pusher_stats {
  uploaded_bytes: 185769
  total_bytes: 190896
}

2022-05-23 16:07:07,321 INFO    Thread-15 :19781 [wandb_run.py:_on_finish():1995] got exit ret: file_counts {
  wandb_count: 6
  media_count: 1
  other_count: 1
}
pusher_stats {
  uploaded_bytes: 185769
  total_bytes: 190896
}

2022-05-23 16:07:07,444 INFO    Thread-15 :19781 [wandb_run.py:_on_finish():1995] got exit ret: file_counts {
  wandb_count: 6
  media_count: 1
  other_count: 1
}
pusher_stats {
  uploaded_bytes: 185769
  total_bytes: 190896
}

2022-05-23 16:07:07,565 INFO    Thread-15 :19781 [wandb_run.py:_on_finish():1995] got exit ret: file_counts {
  wandb_count: 6
  media_count: 1
  other_count: 1
}
pusher_stats {
  uploaded_bytes: 185769
  total_bytes: 190896
}

2022-05-23 16:07:07,685 INFO    Thread-15 :19781 [wandb_run.py:_on_finish():1995] got exit ret: file_counts {
  wandb_count: 6
  media_count: 1
  other_count: 1
}
pusher_stats {
  uploaded_bytes: 185769
  total_bytes: 190896
}

2022-05-23 16:07:07,805 INFO    Thread-15 :19781 [wandb_run.py:_on_finish():1995] got exit ret: file_counts {
  wandb_count: 6
  media_count: 1
  other_count: 1
}
pusher_stats {
  uploaded_bytes: 185769
  total_bytes: 190896
}

2022-05-23 16:07:07,915 INFO    Thread-15 :19781 [wandb_run.py:_on_finish():1995] got exit ret: file_counts {
  wandb_count: 6
  media_count: 1
  other_count: 1
}
pusher_stats {
  uploaded_bytes: 185769
  total_bytes: 190896
}

2022-05-23 16:07:08,027 INFO    Thread-15 :19781 [wandb_run.py:_on_finish():1995] got exit ret: file_counts {
  wandb_count: 6
  media_count: 1
  other_count: 1
}
pusher_stats {
  uploaded_bytes: 185769
  total_bytes: 190896
}

2022-05-23 16:07:08,157 INFO    Thread-15 :19781 [wandb_run.py:_on_finish():1995] got exit ret: file_counts {
  wandb_count: 6
  media_count: 1
  other_count: 1
}
pusher_stats {
  uploaded_bytes: 185769
  total_bytes: 190896
}

2022-05-23 16:07:08,270 INFO    Thread-15 :19781 [wandb_run.py:_on_finish():1995] got exit ret: file_counts {
  wandb_count: 6
  media_count: 1
  other_count: 1
}
pusher_stats {
  uploaded_bytes: 185769
  total_bytes: 190896
}

2022-05-23 16:07:08,384 INFO    Thread-15 :19781 [wandb_run.py:_on_finish():1995] got exit ret: file_counts {
  wandb_count: 6
  media_count: 1
  other_count: 1
}
pusher_stats {
  uploaded_bytes: 185769
  total_bytes: 190896
}

2022-05-23 16:07:08,507 INFO    Thread-15 :19781 [wandb_run.py:_on_finish():1995] got exit ret: file_counts {
  wandb_count: 6
  media_count: 1
  other_count: 1
}
pusher_stats {
  uploaded_bytes: 185769
  total_bytes: 190896
}

2022-05-23 16:07:08,628 INFO    Thread-15 :19781 [wandb_run.py:_on_finish():1995] got exit ret: file_counts {
  wandb_count: 6
  media_count: 1
  other_count: 1
}
pusher_stats {
  uploaded_bytes: 185769
  total_bytes: 190896
}

2022-05-23 16:07:08,735 INFO    Thread-15 :19781 [wandb_run.py:_on_finish():1995] got exit ret: file_counts {
  wandb_count: 6
  media_count: 1
  other_count: 1
}
pusher_stats {
  uploaded_bytes: 185769
  total_bytes: 190896
}

2022-05-23 16:07:08,846 INFO    Thread-15 :19781 [wandb_run.py:_on_finish():1995] got exit ret: file_counts {
  wandb_count: 6
  media_count: 1
  other_count: 1
}
pusher_stats {
  uploaded_bytes: 185769
  total_bytes: 190896
}

2022-05-23 16:07:08,951 INFO    Thread-15 :19781 [wandb_run.py:_on_finish():1995] got exit ret: file_counts {
  wandb_count: 6
  media_count: 1
  other_count: 1
}
pusher_stats {
  uploaded_bytes: 185769
  total_bytes: 190896
}

2022-05-23 16:07:09,059 INFO    Thread-15 :19781 [wandb_run.py:_on_finish():1995] got exit ret: file_counts {
  wandb_count: 6
  media_count: 1
  other_count: 1
}
pusher_stats {
  uploaded_bytes: 185769
  total_bytes: 190896
}

2022-05-23 16:07:09,188 INFO    Thread-15 :19781 [wandb_run.py:_on_finish():1995] got exit ret: file_counts {
  wandb_count: 6
  media_count: 1
  other_count: 1
}
pusher_stats {
  uploaded_bytes: 185769
  total_bytes: 190896
}

2022-05-23 16:07:09,312 INFO    Thread-15 :19781 [wandb_run.py:_on_finish():1995] got exit ret: file_counts {
  wandb_count: 6
  media_count: 1
  other_count: 1
}
pusher_stats {
  uploaded_bytes: 185769
  total_bytes: 190896
}

2022-05-23 16:07:09,425 INFO    Thread-15 :19781 [wandb_run.py:_on_finish():1995] got exit ret: file_counts {
  wandb_count: 6
  media_count: 1
  other_count: 1
}
pusher_stats {
  uploaded_bytes: 185769
  total_bytes: 190896
}

2022-05-23 16:07:09,527 INFO    Thread-15 :19781 [wandb_run.py:_on_finish():1995] got exit ret: file_counts {
  wandb_count: 6
  media_count: 1
  other_count: 1
}
pusher_stats {
  uploaded_bytes: 185769
  total_bytes: 190896
}

2022-05-23 16:07:09,646 INFO    Thread-15 :19781 [wandb_run.py:_on_finish():1995] got exit ret: file_counts {
  wandb_count: 6
  media_count: 1
  other_count: 1
}
pusher_stats {
  uploaded_bytes: 185769
  total_bytes: 190896
}

2022-05-23 16:07:09,774 INFO    Thread-15 :19781 [wandb_run.py:_on_finish():1995] got exit ret: file_counts {
  wandb_count: 6
  media_count: 1
  other_count: 1
}
pusher_stats {
  uploaded_bytes: 185769
  total_bytes: 190896
}

2022-05-23 16:07:09,901 INFO    Thread-15 :19781 [wandb_run.py:_on_finish():1995] got exit ret: file_counts {
  wandb_count: 6
  media_count: 1
  other_count: 1
}
pusher_stats {
  uploaded_bytes: 185769
  total_bytes: 190896
}

2022-05-23 16:07:10,026 INFO    Thread-15 :19781 [wandb_run.py:_on_finish():1995] got exit ret: file_counts {
  wandb_count: 6
  media_count: 1
  other_count: 1
}
pusher_stats {
  uploaded_bytes: 185769
  total_bytes: 190896
}

2022-05-23 16:07:10,129 INFO    Thread-15 :19781 [wandb_run.py:_on_finish():1995] got exit ret: file_counts {
  wandb_count: 6
  media_count: 1
  other_count: 1
}
pusher_stats {
  uploaded_bytes: 185769
  total_bytes: 190896
}

2022-05-23 16:07:10,238 INFO    Thread-15 :19781 [wandb_run.py:_on_finish():1995] got exit ret: file_counts {
  wandb_count: 6
  media_count: 1
  other_count: 1
}
pusher_stats {
  uploaded_bytes: 185769
  total_bytes: 190896
}

2022-05-23 16:07:10,351 INFO    Thread-15 :19781 [wandb_run.py:_on_finish():1995] got exit ret: file_counts {
  wandb_count: 6
  media_count: 1
  other_count: 1
}
pusher_stats {
  uploaded_bytes: 185769
  total_bytes: 190896
}

2022-05-23 16:07:10,466 INFO    Thread-15 :19781 [wandb_run.py:_on_finish():1995] got exit ret: file_counts {
  wandb_count: 6
  media_count: 1
  other_count: 1
}
pusher_stats {
  uploaded_bytes: 185769
  total_bytes: 190896
}

2022-05-23 16:07:10,583 INFO    Thread-15 :19781 [wandb_run.py:_on_finish():1995] got exit ret: file_counts {
  wandb_count: 6
  media_count: 1
  other_count: 1
}
pusher_stats {
  uploaded_bytes: 185769
  total_bytes: 190896
}

2022-05-23 16:07:10,705 INFO    Thread-15 :19781 [wandb_run.py:_on_finish():1995] got exit ret: file_counts {
  wandb_count: 6
  media_count: 1
  other_count: 1
}
pusher_stats {
  uploaded_bytes: 185769
  total_bytes: 190896
}

2022-05-23 16:07:10,823 INFO    Thread-15 :19781 [wandb_run.py:_on_finish():1995] got exit ret: file_counts {
  wandb_count: 6
  media_count: 1
  other_count: 1
}
pusher_stats {
  uploaded_bytes: 185769
  total_bytes: 190896
}

2022-05-23 16:07:10,938 INFO    Thread-15 :19781 [wandb_run.py:_on_finish():1995] got exit ret: file_counts {
  wandb_count: 6
  media_count: 1
  other_count: 1
}
pusher_stats {
  uploaded_bytes: 185769
  total_bytes: 190896
}

2022-05-23 16:07:11,051 INFO    Thread-15 :19781 [wandb_run.py:_on_finish():1995] got exit ret: file_counts {
  wandb_count: 6
  media_count: 1
  other_count: 1
}
pusher_stats {
  uploaded_bytes: 185769
  total_bytes: 190896
}

2022-05-23 16:07:11,162 INFO    Thread-15 :19781 [wandb_run.py:_on_finish():1995] got exit ret: file_counts {
  wandb_count: 6
  media_count: 1
  other_count: 1
}
pusher_stats {
  uploaded_bytes: 185769
  total_bytes: 190896
}

2022-05-23 16:07:11,272 INFO    Thread-15 :19781 [wandb_run.py:_on_finish():1995] got exit ret: file_counts {
  wandb_count: 6
  media_count: 1
  other_count: 1
}
pusher_stats {
  uploaded_bytes: 185769
  total_bytes: 190896
}

2022-05-23 16:07:11,378 INFO    Thread-15 :19781 [wandb_run.py:_on_finish():1995] got exit ret: file_counts {
  wandb_count: 6
  media_count: 1
  other_count: 1
}
pusher_stats {
  uploaded_bytes: 185769
  total_bytes: 190896
}

2022-05-23 16:07:11,504 INFO    Thread-15 :19781 [wandb_run.py:_on_finish():1995] got exit ret: file_counts {
  wandb_count: 6
  media_count: 1
  other_count: 1
}
pusher_stats {
  uploaded_bytes: 185769
  total_bytes: 190896
}

2022-05-23 16:07:11,615 INFO    Thread-15 :19781 [wandb_run.py:_on_finish():1995] got exit ret: file_counts {
  wandb_count: 6
  media_count: 1
  other_count: 1
}
pusher_stats {
  uploaded_bytes: 185769
  total_bytes: 190896
}

2022-05-23 16:07:11,730 INFO    Thread-15 :19781 [wandb_run.py:_on_finish():1995] got exit ret: file_counts {
  wandb_count: 6
  media_count: 1
  other_count: 1
}
pusher_stats {
  uploaded_bytes: 185769
  total_bytes: 190896
}

2022-05-23 16:07:11,836 INFO    Thread-15 :19781 [wandb_run.py:_on_finish():1995] got exit ret: file_counts {
  wandb_count: 6
  media_count: 1
  other_count: 1
}
pusher_stats {
  uploaded_bytes: 185769
  total_bytes: 190896
}

2022-05-23 16:07:11,946 INFO    Thread-15 :19781 [wandb_run.py:_on_finish():1995] got exit ret: file_counts {
  wandb_count: 6
  media_count: 1
  other_count: 1
}
pusher_stats {
  uploaded_bytes: 185769
  total_bytes: 190896
}

2022-05-23 16:07:12,071 INFO    Thread-15 :19781 [wandb_run.py:_on_finish():1995] got exit ret: file_counts {
  wandb_count: 6
  media_count: 1
  other_count: 1
}
pusher_stats {
  uploaded_bytes: 185769
  total_bytes: 190896
}

2022-05-23 16:07:12,182 INFO    Thread-15 :19781 [wandb_run.py:_on_finish():1995] got exit ret: file_counts {
  wandb_count: 6
  media_count: 1
  other_count: 1
}
pusher_stats {
  uploaded_bytes: 185769
  total_bytes: 190896
}

2022-05-23 16:07:12,293 INFO    Thread-15 :19781 [wandb_run.py:_on_finish():1995] got exit ret: file_counts {
  wandb_count: 6
  media_count: 1
  other_count: 1
}
pusher_stats {
  uploaded_bytes: 185769
  total_bytes: 190896
}

2022-05-23 16:07:12,406 INFO    Thread-15 :19781 [wandb_run.py:_on_finish():1995] got exit ret: file_counts {
  wandb_count: 6
  media_count: 1
  other_count: 1
}
pusher_stats {
  uploaded_bytes: 185769
  total_bytes: 190896
}

2022-05-23 16:07:12,513 INFO    Thread-15 :19781 [wandb_run.py:_on_finish():1995] got exit ret: file_counts {
  wandb_count: 6
  media_count: 1
  other_count: 1
}
pusher_stats {
  uploaded_bytes: 185769
  total_bytes: 190896
}

2022-05-23 16:07:12,641 INFO    Thread-15 :19781 [wandb_run.py:_on_finish():1995] got exit ret: file_counts {
  wandb_count: 6
  media_count: 1
  other_count: 1
}
pusher_stats {
  uploaded_bytes: 185769
  total_bytes: 190896
}

2022-05-23 16:07:12,749 INFO    Thread-15 :19781 [wandb_run.py:_on_finish():1995] got exit ret: file_counts {
  wandb_count: 6
  media_count: 1
  other_count: 1
}
pusher_stats {
  uploaded_bytes: 185769
  total_bytes: 190896
}

2022-05-23 16:07:12,868 INFO    Thread-15 :19781 [wandb_run.py:_on_finish():1995] got exit ret: file_counts {
  wandb_count: 6
  media_count: 1
  other_count: 1
}
pusher_stats {
  uploaded_bytes: 185769
  total_bytes: 190896
}

2022-05-23 16:07:13,026 INFO    Thread-15 :19781 [wandb_run.py:_on_finish():1995] got exit ret: file_counts {
  wandb_count: 6
  media_count: 1
  other_count: 1
}
pusher_stats {
  uploaded_bytes: 185769
  total_bytes: 190896
}

2022-05-23 16:07:13,135 INFO    Thread-15 :19781 [wandb_run.py:_on_finish():1995] got exit ret: file_counts {
  wandb_count: 6
  media_count: 1
  other_count: 1
}
pusher_stats {
  uploaded_bytes: 185769
  total_bytes: 190896
}

2022-05-23 16:07:13,248 INFO    Thread-15 :19781 [wandb_run.py:_on_finish():1995] got exit ret: file_counts {
  wandb_count: 6
  media_count: 1
  other_count: 1
}
pusher_stats {
  uploaded_bytes: 185769
  total_bytes: 190896
}

2022-05-23 16:07:13,377 INFO    Thread-15 :19781 [wandb_run.py:_on_finish():1995] got exit ret: file_counts {
  wandb_count: 6
  media_count: 1
  other_count: 1
}
pusher_stats {
  uploaded_bytes: 185769
  total_bytes: 190896
}

2022-05-23 16:07:13,480 INFO    Thread-15 :19781 [wandb_run.py:_on_finish():1995] got exit ret: file_counts {
  wandb_count: 6
  media_count: 1
  other_count: 1
}
pusher_stats {
  uploaded_bytes: 185769
  total_bytes: 190896
}

2022-05-23 16:07:13,589 INFO    Thread-15 :19781 [wandb_run.py:_on_finish():1995] got exit ret: file_counts {
  wandb_count: 6
  media_count: 1
  other_count: 1
}
pusher_stats {
  uploaded_bytes: 185769
  total_bytes: 190896
}

2022-05-23 16:07:13,698 INFO    Thread-15 :19781 [wandb_run.py:_on_finish():1995] got exit ret: file_counts {
  wandb_count: 6
  media_count: 1
  other_count: 1
}
pusher_stats {
  uploaded_bytes: 185769
  total_bytes: 190896
}

2022-05-23 16:07:13,813 INFO    Thread-15 :19781 [wandb_run.py:_on_finish():1995] got exit ret: file_counts {
  wandb_count: 6
  media_count: 1
  other_count: 1
}
pusher_stats {
  uploaded_bytes: 185769
  total_bytes: 190896
}

2022-05-23 16:07:13,930 INFO    Thread-15 :19781 [wandb_run.py:_on_finish():1995] got exit ret: file_counts {
  wandb_count: 6
  media_count: 1
  other_count: 1
}
pusher_stats {
  uploaded_bytes: 190896
  total_bytes: 190896
}

2022-05-23 16:07:14,043 INFO    Thread-15 :19781 [wandb_run.py:_on_finish():1995] got exit ret: file_counts {
  wandb_count: 6
  media_count: 1
  other_count: 1
}
pusher_stats {
  uploaded_bytes: 190896
  total_bytes: 190896
}

2022-05-23 16:07:14,155 INFO    Thread-15 :19781 [wandb_run.py:_on_finish():1995] got exit ret: file_counts {
  wandb_count: 6
  media_count: 1
  other_count: 1
}
pusher_stats {
  uploaded_bytes: 190896
  total_bytes: 190896
}

2022-05-23 16:07:14,281 INFO    Thread-15 :19781 [wandb_run.py:_on_finish():1995] got exit ret: file_counts {
  wandb_count: 6
  media_count: 1
  other_count: 1
}
pusher_stats {
  uploaded_bytes: 190896
  total_bytes: 190896
}

2022-05-23 16:07:14,410 INFO    Thread-15 :19781 [wandb_run.py:_on_finish():1995] got exit ret: file_counts {
  wandb_count: 6
  media_count: 1
  other_count: 1
}
pusher_stats {
  uploaded_bytes: 190896
  total_bytes: 190896
}

2022-05-23 16:07:14,521 INFO    Thread-15 :19781 [wandb_run.py:_on_finish():1995] got exit ret: file_counts {
  wandb_count: 6
  media_count: 1
  other_count: 1
}
pusher_stats {
  uploaded_bytes: 190896
  total_bytes: 190896
}

2022-05-23 16:07:15,903 INFO    Thread-15 :19781 [wandb_run.py:_on_finish():1995] got exit ret: file_counts {
  wandb_count: 6
  media_count: 1
  other_count: 1
}
pusher_stats {
  uploaded_bytes: 190896
  total_bytes: 190896
}

2022-05-23 16:07:21,018 INFO    Thread-15 :19781 [wandb_run.py:_on_finish():1995] got exit ret: None
2022-05-23 16:07:26,135 INFO    Thread-15 :19781 [wandb_run.py:_on_finish():1995] got exit ret: None
2022-05-23 16:07:27,997 INFO    Thread-15 :19781 [wandb_run.py:_on_finish():1995] got exit ret: done: true
exit_result {
}
file_counts {
  wandb_count: 6
  media_count: 1
  other_count: 1
}
pusher_stats {
  uploaded_bytes: 190896
  total_bytes: 190896
}
local_info {
}

2022-05-23 16:07:29,337 INFO    Thread-15 :19781 [wandb_run.py:_footer_history_summary_info():3102] rendering history
2022-05-23 16:07:29,337 INFO    Thread-15 :19781 [wandb_run.py:_footer_history_summary_info():3134] rendering summary
2022-05-23 16:07:29,339 INFO    Thread-15 :19781 [wandb_run.py:_footer_sync_info():3057] logging synced files
