2022-05-23 15:05:50,349 INFO    Thread-59 :78287 [wandb_setup.py:_flush():75] Loading settings from /Users/dylan/.config/wandb/settings
2022-05-23 15:05:50,349 INFO    Thread-59 :78287 [wandb_setup.py:_flush():75] Loading settings from wandb/settings
2022-05-23 15:05:50,349 INFO    Thread-59 :78287 [wandb_setup.py:_flush():75] Loading settings from environment variables: {'entity': 'dylanli', 'project': 'Option-project', 'root_dir': '/Users/dylan/iCollections/桌面文件/Repo/Option_Pricing/Code', 'run_id': 'oce8byez', 'sweep_param_path': '/Users/dylan/iCollections/桌面文件/Repo/Option_Pricing/Code/wandb/sweep-q505v42d/config-oce8byez.yaml', 'sweep_id': 'q505v42d'}
2022-05-23 15:05:50,349 INFO    Thread-59 :78287 [wandb_setup.py:_flush():75] Inferring run settings from compute environment: {'program': '<python with no main file>'}
2022-05-23 15:05:50,349 INFO    Thread-59 :78287 [wandb_init.py:_log_setup():437] Logging user logs to /Users/dylan/iCollections/桌面文件/Repo/Option_Pricing/Code/wandb/run-20220523_150550-oce8byez/logs/debug.log
2022-05-23 15:05:50,349 INFO    Thread-59 :78287 [wandb_init.py:_log_setup():438] Logging internal logs to /Users/dylan/iCollections/桌面文件/Repo/Option_Pricing/Code/wandb/run-20220523_150550-oce8byez/logs/debug-internal.log
2022-05-23 15:05:50,349 INFO    Thread-59 :78287 [wandb_init.py:_jupyter_setup():387] configuring jupyter hooks <wandb.sdk.wandb_init._WandbInit object at 0x34cab9f40>
2022-05-23 15:05:50,349 INFO    Thread-59 :78287 [wandb_init.py:init():471] calling init triggers
2022-05-23 15:05:50,349 INFO    Thread-59 :78287 [wandb_init.py:init():474] wandb.init called with sweep_config: {'activation': 'selu', 'dropout': 0.5, 'epochs': 50, 'learning_rate': 0.003, 'nn_nodes': [64, 16], 'optimizer': 'sgd'}
config: {'batch_size': 32, 'epochs': 100, 'dropout': 0.5, 'activation_type': 'swish', 'optimizer': 'adam', 'seed': 42, 'learning_rate': 0.001, 'nn_nodes': [32, 32, 32]}
2022-05-23 15:05:50,349 INFO    Thread-59 :78287 [wandb_init.py:init():524] starting backend
2022-05-23 15:05:50,350 INFO    Thread-59 :78287 [backend.py:_multiprocessing_setup():97] multiprocessing start_methods=spawn,fork,forkserver, using: spawn
2022-05-23 15:05:50,352 INFO    Thread-59 :78287 [backend.py:ensure_launched():217] starting backend process...
2022-05-23 15:05:50,363 INFO    Thread-59 :78287 [backend.py:ensure_launched():222] started backend process with pid: 11035
2022-05-23 15:05:50,371 INFO    Thread-59 :78287 [wandb_init.py:init():533] backend started and connected
2022-05-23 15:05:50,385 INFO    Thread-59 :78287 [wandb_run.py:_config_callback():1131] config_cb None None {'activation': 'selu', 'dropout': 0.5, 'epochs': 50, 'learning_rate': 0.003, 'nn_nodes': [64, 16], 'optimizer': 'sgd'}
2022-05-23 15:05:50,398 INFO    Thread-59 :78287 [wandb_run.py:_label_probe_notebook():1084] probe notebook
2022-05-23 15:05:50,412 INFO    Thread-59 :78287 [wandb_run.py:_label_probe_notebook():1094] Unable to probe notebook: 'NoneType' object has no attribute 'get'
2022-05-23 15:05:50,413 INFO    Thread-59 :78287 [wandb_init.py:init():597] updated telemetry
2022-05-23 15:05:50,432 INFO    Thread-59 :78287 [wandb_init.py:init():628] communicating run to backend with 30 second timeout
2022-05-23 15:05:51,752 INFO    Thread-59 :78287 [wandb_run.py:_on_init():1923] communicating current version
2022-05-23 15:05:52,331 INFO    Thread-59 :78287 [wandb_run.py:_on_init():1927] got version response upgrade_message: "wandb version 0.12.16 is available!  To upgrade, please run:\n $ pip install wandb --upgrade"

2022-05-23 15:05:52,348 INFO    Thread-59 :78287 [wandb_init.py:init():659] starting run threads in backend
2022-05-23 15:05:56,152 INFO    Thread-59 :78287 [wandb_run.py:_console_start():1897] atexit reg
2022-05-23 15:05:56,164 INFO    Thread-59 :78287 [wandb_run.py:_redirect():1770] redirect: SettingsConsole.WRAP
2022-05-23 15:05:56,164 INFO    Thread-59 :78287 [wandb_run.py:_redirect():1807] Wrapping output streams.
2022-05-23 15:05:56,164 INFO    Thread-59 :78287 [wandb_run.py:_redirect():1831] Redirects installed.
2022-05-23 15:05:56,164 INFO    Thread-59 :78287 [wandb_init.py:init():684] run started, returning control to user process
2022-05-23 15:05:56,511 INFO    Thread-59 :78287 [wandb_run.py:_finish():1685] finishing run dylanli/Option-project/oce8byez
2022-05-23 15:05:56,529 INFO    Thread-59 :78287 [jupyter.py:save_history():464] saving 61 cells to _session_history.ipynb
2022-05-23 15:05:56,542 INFO    Thread-59 :78287 [wandb_run.py:_config_callback():1131] config_cb ('_wandb', 'session_history') code/_session_history.ipynb None
2022-05-23 15:05:56,636 INFO    Thread-59 :78287 [jupyter.py:save_ipynb():380] looking for notebook: Code/ML_Model-jvsc-508fae27-fd39-4d3b-9ca4-3c905d29a211.ipynb
2022-05-23 15:05:56,636 INFO    Thread-59 :78287 [wandb_init.py:_jupyter_teardown():369] cleaning up jupyter logic
2022-05-23 15:05:56,636 INFO    Thread-59 :78287 [wandb_run.py:_atexit_cleanup():1866] got exitcode: 1
2022-05-23 15:05:56,641 INFO    Thread-59 :78287 [wandb_run.py:_restore():1838] restore
2022-05-23 15:05:56,719 INFO    Thread-59 :78287 [wandb_run.py:_on_finish():1995] got exit ret: file_counts {
  wandb_count: 2
}
pusher_stats {
  total_bytes: 4917957
}

2022-05-23 15:05:57,848 INFO    Thread-59 :78287 [wandb_run.py:_on_finish():1995] got exit ret: file_counts {
  wandb_count: 2
}
pusher_stats {
  uploaded_bytes: 4917957
  total_bytes: 4917957
}

2022-05-23 15:05:59,076 INFO    Thread-59 :78287 [wandb_run.py:_on_finish():1995] got exit ret: file_counts {
  wandb_count: 2
}
pusher_stats {
  uploaded_bytes: 4917957
  total_bytes: 4917957
}

2022-05-23 15:05:59,949 INFO    Thread-59 :78287 [wandb_run.py:_on_finish():1995] got exit ret: file_counts {
  wandb_count: 7
}
pusher_stats {
  uploaded_bytes: 4917957
  total_bytes: 4934826
}

2022-05-23 15:06:00,054 INFO    Thread-59 :78287 [wandb_run.py:_on_finish():1995] got exit ret: file_counts {
  wandb_count: 7
  other_count: 1
}
pusher_stats {
  uploaded_bytes: 4917957
  total_bytes: 5012937
}

2022-05-23 15:06:00,161 INFO    Thread-59 :78287 [wandb_run.py:_on_finish():1995] got exit ret: file_counts {
  wandb_count: 7
  other_count: 1
}
pusher_stats {
  uploaded_bytes: 4917957
  total_bytes: 5012937
}

2022-05-23 15:06:00,264 INFO    Thread-59 :78287 [wandb_run.py:_on_finish():1995] got exit ret: file_counts {
  wandb_count: 7
  other_count: 1
}
pusher_stats {
  uploaded_bytes: 4917957
  total_bytes: 5012937
}

2022-05-23 15:06:00,372 INFO    Thread-59 :78287 [wandb_run.py:_on_finish():1995] got exit ret: file_counts {
  wandb_count: 7
  other_count: 1
}
pusher_stats {
  uploaded_bytes: 4917957
  total_bytes: 5012937
}

2022-05-23 15:06:00,478 INFO    Thread-59 :78287 [wandb_run.py:_on_finish():1995] got exit ret: file_counts {
  wandb_count: 7
  other_count: 1
}
pusher_stats {
  uploaded_bytes: 4917957
  total_bytes: 5012937
}

2022-05-23 15:06:00,583 INFO    Thread-59 :78287 [wandb_run.py:_on_finish():1995] got exit ret: file_counts {
  wandb_count: 7
  other_count: 1
}
pusher_stats {
  uploaded_bytes: 4917957
  total_bytes: 5012937
}

2022-05-23 15:06:00,686 INFO    Thread-59 :78287 [wandb_run.py:_on_finish():1995] got exit ret: file_counts {
  wandb_count: 7
  other_count: 1
}
pusher_stats {
  uploaded_bytes: 4917957
  total_bytes: 5012937
}

2022-05-23 15:06:00,798 INFO    Thread-59 :78287 [wandb_run.py:_on_finish():1995] got exit ret: file_counts {
  wandb_count: 7
  other_count: 1
}
pusher_stats {
  uploaded_bytes: 4917957
  total_bytes: 5012937
}

2022-05-23 15:06:00,900 INFO    Thread-59 :78287 [wandb_run.py:_restore():1838] restore
2022-05-23 15:06:19,596 ERROR   Thread-59 :78287 [wandb_run.py:_atexit_cleanup():1887] Problem finishing run
Traceback (most recent call last):
  File "/Users/dylan/miniforge3/envs/machine_learning/lib/python3.8/site-packages/wandb/agents/pyagent.py", line 300, in _run_job
    self._function()
  File "/var/folders/9l/qzgwttq17ps8lhfhrtgpdkx00000gn/T/ipykernel_78287/2442480842.py", line 64, in nn_model
    train_x = scaler.fit_transform(data.iloc[train_idx, :][features])
  File "/Users/dylan/miniforge3/envs/machine_learning/lib/python3.8/site-packages/pandas/core/frame.py", line 3511, in __getitem__
    indexer = self.columns._get_indexer_strict(key, "columns")[1]
  File "/Users/dylan/miniforge3/envs/machine_learning/lib/python3.8/site-packages/pandas/core/indexes/base.py", line 5782, in _get_indexer_strict
    self._raise_if_missing(keyarr, indexer, axis_name)
  File "/Users/dylan/miniforge3/envs/machine_learning/lib/python3.8/site-packages/pandas/core/indexes/base.py", line 5845, in _raise_if_missing
    raise KeyError(f"{not_found} not in index")
KeyError: "['S_K', 'days', 'sigma'] not in index"

During handling of the above exception, another exception occurred:

Traceback (most recent call last):
  File "/Users/dylan/miniforge3/envs/machine_learning/lib/python3.8/site-packages/wandb/sdk/wandb_run.py", line 1875, in _atexit_cleanup
    self._on_finish()
  File "/Users/dylan/miniforge3/envs/machine_learning/lib/python3.8/site-packages/wandb/sdk/wandb_run.py", line 2000, in _on_finish
    time.sleep(0.1)
Exception
