2022-05-23 15:13:17,466 INFO    MainThread:15008 [internal.py:wandb_internal():90] W&B internal server running at pid: 15008, started at: 2022-05-23 15:13:17.458112
2022-05-23 15:13:17,468 INFO    WriterThread:15008 [datastore.py:open_for_write():75] open: /Users/dylan/iCollections/桌面文件/Repo/Option_Pricing/Code/wandb/run-20220523_151316-ed3rusr4/run-ed3rusr4.wandb
2022-05-23 15:13:17,469 DEBUG   SenderThread:15008 [sender.py:send():232] send: header
2022-05-23 15:13:17,506 DEBUG   SenderThread:15008 [sender.py:send():232] send: run
2022-05-23 15:13:21,040 DEBUG   HandlerThread:15008 [handler.py:handle_request():141] handle_request: check_version
2022-05-23 15:13:21,040 INFO    SenderThread:15008 [dir_watcher.py:__init__():166] watching files in: /Users/dylan/iCollections/桌面文件/Repo/Option_Pricing/Code/wandb/run-20220523_151316-ed3rusr4/files
2022-05-23 15:13:21,040 INFO    SenderThread:15008 [sender.py:_start_run_threads():811] run started: ed3rusr4 with start time 1653289996
2022-05-23 15:13:21,041 DEBUG   SenderThread:15008 [sender.py:send():232] send: summary
2022-05-23 15:13:21,059 INFO    SenderThread:15008 [sender.py:_save_file():946] saving file wandb-summary.json with policy end
2022-05-23 15:13:21,059 DEBUG   SenderThread:15008 [sender.py:send_request():246] send_request: check_version
2022-05-23 15:13:21,477 DEBUG   HandlerThread:15008 [handler.py:handle_request():141] handle_request: run_start
2022-05-23 15:13:22,043 INFO    Thread-7  :15008 [dir_watcher.py:_on_file_created():213] file/dir created: /Users/dylan/iCollections/桌面文件/Repo/Option_Pricing/Code/wandb/run-20220523_151316-ed3rusr4/files/wandb-summary.json
2022-05-23 15:13:23,220 DEBUG   HandlerThread:15008 [meta.py:__init__():35] meta init
2022-05-23 15:13:23,224 DEBUG   HandlerThread:15008 [meta.py:__init__():49] meta init done
2022-05-23 15:13:23,241 DEBUG   HandlerThread:15008 [meta.py:probe():209] probe
2022-05-23 15:13:23,244 DEBUG   HandlerThread:15008 [meta.py:_setup_git():199] setup git
2022-05-23 15:13:23,287 DEBUG   HandlerThread:15008 [meta.py:_setup_git():206] setup git done
2022-05-23 15:13:23,298 DEBUG   HandlerThread:15008 [meta.py:_save_pip():53] save pip
2022-05-23 15:13:23,299 DEBUG   HandlerThread:15008 [meta.py:_save_pip():67] save pip done
2022-05-23 15:13:23,299 DEBUG   HandlerThread:15008 [meta.py:_save_conda():74] save conda
2022-05-23 15:13:24,054 INFO    Thread-7  :15008 [dir_watcher.py:_on_file_created():213] file/dir created: /Users/dylan/iCollections/桌面文件/Repo/Option_Pricing/Code/wandb/run-20220523_151316-ed3rusr4/files/requirements.txt
2022-05-23 15:13:24,055 INFO    Thread-7  :15008 [dir_watcher.py:_on_file_created():213] file/dir created: /Users/dylan/iCollections/桌面文件/Repo/Option_Pricing/Code/wandb/run-20220523_151316-ed3rusr4/files/conda-environment.yaml
2022-05-23 15:13:25,830 DEBUG   HandlerThread:15008 [meta.py:_save_conda():84] save conda done
2022-05-23 15:13:25,830 DEBUG   HandlerThread:15008 [meta.py:probe():247] probe done
2022-05-23 15:13:25,833 DEBUG   SenderThread:15008 [sender.py:send():232] send: telemetry
2022-05-23 15:13:25,839 DEBUG   HandlerThread:15008 [handler.py:handle_request():141] handle_request: stop_status
2022-05-23 15:13:25,849 DEBUG   SenderThread:15008 [sender.py:send():232] send: files
2022-05-23 15:13:25,849 INFO    SenderThread:15008 [sender.py:_save_file():946] saving file wandb-metadata.json with policy now
2022-05-23 15:13:25,850 DEBUG   SenderThread:15008 [sender.py:send_request():246] send_request: stop_status
2022-05-23 15:13:26,081 INFO    Thread-7  :15008 [dir_watcher.py:_on_file_modified():226] file/dir modified: /Users/dylan/iCollections/桌面文件/Repo/Option_Pricing/Code/wandb/run-20220523_151316-ed3rusr4/files/conda-environment.yaml
2022-05-23 15:13:26,082 INFO    Thread-7  :15008 [dir_watcher.py:_on_file_created():213] file/dir created: /Users/dylan/iCollections/桌面文件/Repo/Option_Pricing/Code/wandb/run-20220523_151316-ed3rusr4/files/output.log
2022-05-23 15:13:26,082 INFO    Thread-7  :15008 [dir_watcher.py:_on_file_created():213] file/dir created: /Users/dylan/iCollections/桌面文件/Repo/Option_Pricing/Code/wandb/run-20220523_151316-ed3rusr4/files/wandb-metadata.json
2022-05-23 15:13:26,448 DEBUG   SenderThread:15008 [sender.py:send():232] send: telemetry
2022-05-23 15:13:26,608 DEBUG   SenderThread:15008 [sender.py:send():232] send: telemetry
2022-05-23 15:13:26,624 DEBUG   SenderThread:15008 [sender.py:send():232] send: telemetry
2022-05-23 15:13:26,897 DEBUG   SenderThread:15008 [sender.py:send():232] send: exit
2022-05-23 15:13:26,897 DEBUG   HandlerThread:15008 [handler.py:handle_request():141] handle_request: poll_exit
2022-05-23 15:13:26,899 INFO    SenderThread:15008 [sender.py:send_exit():368] handling exit code: 1
2022-05-23 15:13:26,900 INFO    SenderThread:15008 [sender.py:send_exit():370] handling runtime: 5
2022-05-23 15:13:26,919 INFO    SenderThread:15008 [sender.py:_save_file():946] saving file wandb-summary.json with policy end
2022-05-23 15:13:26,919 INFO    SenderThread:15008 [sender.py:send_exit():376] send defer
2022-05-23 15:13:26,919 DEBUG   SenderThread:15008 [sender.py:send_request():246] send_request: poll_exit
2022-05-23 15:13:26,921 DEBUG   HandlerThread:15008 [handler.py:handle_request():141] handle_request: defer
2022-05-23 15:13:26,939 INFO    HandlerThread:15008 [handler.py:handle_request_defer():164] handle defer: 0
2022-05-23 15:13:26,939 DEBUG   SenderThread:15008 [sender.py:send_request():246] send_request: defer
2022-05-23 15:13:26,939 INFO    SenderThread:15008 [sender.py:send_request_defer():385] handle sender defer: 0
2022-05-23 15:13:26,940 INFO    SenderThread:15008 [sender.py:transition_state():389] send defer: 1
2022-05-23 15:13:26,940 DEBUG   HandlerThread:15008 [handler.py:handle_request():141] handle_request: defer
2022-05-23 15:13:26,940 INFO    HandlerThread:15008 [handler.py:handle_request_defer():164] handle defer: 1
2022-05-23 15:13:27,080 INFO    Thread-7  :15008 [dir_watcher.py:_on_file_modified():226] file/dir modified: /Users/dylan/iCollections/桌面文件/Repo/Option_Pricing/Code/wandb/run-20220523_151316-ed3rusr4/files/wandb-summary.json
2022-05-23 15:13:27,687 DEBUG   HandlerThread:15008 [handler.py:handle_request():141] handle_request: poll_exit
2022-05-23 15:13:27,687 DEBUG   SenderThread:15008 [sender.py:send_request():246] send_request: defer
2022-05-23 15:13:27,697 INFO    SenderThread:15008 [sender.py:send_request_defer():385] handle sender defer: 1
2022-05-23 15:13:27,697 INFO    SenderThread:15008 [sender.py:transition_state():389] send defer: 2
2022-05-23 15:13:27,697 DEBUG   SenderThread:15008 [sender.py:send_request():246] send_request: poll_exit
2022-05-23 15:13:27,697 DEBUG   SenderThread:15008 [sender.py:send():232] send: stats
2022-05-23 15:13:27,698 DEBUG   HandlerThread:15008 [handler.py:handle_request():141] handle_request: defer
2022-05-23 15:13:27,716 INFO    HandlerThread:15008 [handler.py:handle_request_defer():164] handle defer: 2
2022-05-23 15:13:27,716 DEBUG   SenderThread:15008 [sender.py:send_request():246] send_request: defer
2022-05-23 15:13:27,716 INFO    SenderThread:15008 [sender.py:send_request_defer():385] handle sender defer: 2
2022-05-23 15:13:27,716 INFO    SenderThread:15008 [sender.py:transition_state():389] send defer: 3
2022-05-23 15:13:27,716 DEBUG   HandlerThread:15008 [handler.py:handle_request():141] handle_request: defer
2022-05-23 15:13:27,716 INFO    HandlerThread:15008 [handler.py:handle_request_defer():164] handle defer: 3
2022-05-23 15:13:27,716 DEBUG   SenderThread:15008 [sender.py:send_request():246] send_request: defer
2022-05-23 15:13:27,717 INFO    SenderThread:15008 [sender.py:send_request_defer():385] handle sender defer: 3
2022-05-23 15:13:27,717 INFO    SenderThread:15008 [sender.py:transition_state():389] send defer: 4
2022-05-23 15:13:27,735 DEBUG   HandlerThread:15008 [handler.py:handle_request():141] handle_request: defer
2022-05-23 15:13:27,735 INFO    HandlerThread:15008 [handler.py:handle_request_defer():164] handle defer: 4
2022-05-23 15:13:27,735 DEBUG   SenderThread:15008 [sender.py:send():232] send: summary
2022-05-23 15:13:27,754 INFO    SenderThread:15008 [sender.py:_save_file():946] saving file wandb-summary.json with policy end
2022-05-23 15:13:27,754 DEBUG   SenderThread:15008 [sender.py:send_request():246] send_request: defer
2022-05-23 15:13:27,754 INFO    SenderThread:15008 [sender.py:send_request_defer():385] handle sender defer: 4
2022-05-23 15:13:27,754 INFO    SenderThread:15008 [sender.py:transition_state():389] send defer: 5
2022-05-23 15:13:27,754 DEBUG   HandlerThread:15008 [handler.py:handle_request():141] handle_request: defer
2022-05-23 15:13:27,754 INFO    HandlerThread:15008 [handler.py:handle_request_defer():164] handle defer: 5
2022-05-23 15:13:27,754 DEBUG   SenderThread:15008 [sender.py:send_request():246] send_request: defer
2022-05-23 15:13:27,755 INFO    SenderThread:15008 [sender.py:send_request_defer():385] handle sender defer: 5
2022-05-23 15:13:27,821 DEBUG   HandlerThread:15008 [handler.py:handle_request():141] handle_request: poll_exit
2022-05-23 15:13:28,083 INFO    Thread-7  :15008 [dir_watcher.py:_on_file_modified():226] file/dir modified: /Users/dylan/iCollections/桌面文件/Repo/Option_Pricing/Code/wandb/run-20220523_151316-ed3rusr4/files/wandb-summary.json
2022-05-23 15:13:30,862 INFO    Thread-11 :15008 [upload_job.py:push():137] Uploaded file /var/folders/9l/qzgwttq17ps8lhfhrtgpdkx00000gn/T/tmpe4lkodc3wandb/wcqeiln1-wandb-metadata.json
2022-05-23 15:13:32,930 DEBUG   HandlerThread:15008 [handler.py:handle_request():141] handle_request: poll_exit
2022-05-23 15:13:38,050 DEBUG   HandlerThread:15008 [handler.py:handle_request():141] handle_request: poll_exit
2022-05-23 15:13:39,834 INFO    SenderThread:15008 [sender.py:transition_state():389] send defer: 6
2022-05-23 15:13:39,834 DEBUG   SenderThread:15008 [sender.py:send_request():246] send_request: poll_exit
2022-05-23 15:13:39,834 DEBUG   SenderThread:15008 [sender.py:send_request():246] send_request: poll_exit
2022-05-23 15:13:39,834 DEBUG   SenderThread:15008 [sender.py:send_request():246] send_request: poll_exit
2022-05-23 15:13:39,834 DEBUG   HandlerThread:15008 [handler.py:handle_request():141] handle_request: defer
2022-05-23 15:13:39,834 INFO    HandlerThread:15008 [handler.py:handle_request_defer():164] handle defer: 6
2022-05-23 15:13:39,834 DEBUG   SenderThread:15008 [sender.py:send_request():246] send_request: defer
2022-05-23 15:13:39,834 INFO    SenderThread:15008 [sender.py:send_request_defer():385] handle sender defer: 6
2022-05-23 15:13:39,834 INFO    SenderThread:15008 [dir_watcher.py:finish():279] shutting down directory watcher
2022-05-23 15:13:39,939 DEBUG   HandlerThread:15008 [handler.py:handle_request():141] handle_request: poll_exit
2022-05-23 15:13:40,120 INFO    Thread-7  :15008 [dir_watcher.py:_on_file_modified():226] file/dir modified: /Users/dylan/iCollections/桌面文件/Repo/Option_Pricing/Code/wandb/run-20220523_151316-ed3rusr4/files/config.yaml
2022-05-23 15:13:40,121 INFO    SenderThread:15008 [dir_watcher.py:finish():309] scan: /Users/dylan/iCollections/桌面文件/Repo/Option_Pricing/Code/wandb/run-20220523_151316-ed3rusr4/files
2022-05-23 15:13:40,121 INFO    SenderThread:15008 [dir_watcher.py:finish():323] scan save: /Users/dylan/iCollections/桌面文件/Repo/Option_Pricing/Code/wandb/run-20220523_151316-ed3rusr4/files/requirements.txt requirements.txt
2022-05-23 15:13:40,121 INFO    SenderThread:15008 [dir_watcher.py:finish():323] scan save: /Users/dylan/iCollections/桌面文件/Repo/Option_Pricing/Code/wandb/run-20220523_151316-ed3rusr4/files/output.log output.log
2022-05-23 15:13:40,121 INFO    SenderThread:15008 [dir_watcher.py:finish():323] scan save: /Users/dylan/iCollections/桌面文件/Repo/Option_Pricing/Code/wandb/run-20220523_151316-ed3rusr4/files/config.yaml config.yaml
2022-05-23 15:13:40,121 INFO    SenderThread:15008 [dir_watcher.py:finish():323] scan save: /Users/dylan/iCollections/桌面文件/Repo/Option_Pricing/Code/wandb/run-20220523_151316-ed3rusr4/files/wandb-summary.json wandb-summary.json
2022-05-23 15:13:40,121 INFO    SenderThread:15008 [dir_watcher.py:finish():323] scan save: /Users/dylan/iCollections/桌面文件/Repo/Option_Pricing/Code/wandb/run-20220523_151316-ed3rusr4/files/conda-environment.yaml conda-environment.yaml
2022-05-23 15:13:40,124 INFO    SenderThread:15008 [dir_watcher.py:finish():323] scan save: /Users/dylan/iCollections/桌面文件/Repo/Option_Pricing/Code/wandb/run-20220523_151316-ed3rusr4/files/wandb-metadata.json wandb-metadata.json
2022-05-23 15:13:40,142 INFO    SenderThread:15008 [sender.py:transition_state():389] send defer: 7
2022-05-23 15:13:40,142 DEBUG   SenderThread:15008 [sender.py:send_request():246] send_request: poll_exit
2022-05-23 15:13:40,142 DEBUG   HandlerThread:15008 [handler.py:handle_request():141] handle_request: defer
2022-05-23 15:13:40,142 INFO    HandlerThread:15008 [handler.py:handle_request_defer():164] handle defer: 7
2022-05-23 15:13:40,142 DEBUG   SenderThread:15008 [sender.py:send_request():246] send_request: defer
2022-05-23 15:13:40,142 INFO    SenderThread:15008 [sender.py:send_request_defer():385] handle sender defer: 7
2022-05-23 15:13:40,142 INFO    SenderThread:15008 [file_pusher.py:finish():145] shutting down file pusher
2022-05-23 15:13:40,248 DEBUG   HandlerThread:15008 [handler.py:handle_request():141] handle_request: poll_exit
2022-05-23 15:13:40,248 DEBUG   SenderThread:15008 [sender.py:send_request():246] send_request: poll_exit
2022-05-23 15:13:40,351 DEBUG   HandlerThread:15008 [handler.py:handle_request():141] handle_request: poll_exit
2022-05-23 15:13:40,366 DEBUG   SenderThread:15008 [sender.py:send_request():246] send_request: poll_exit
2022-05-23 15:13:40,467 DEBUG   HandlerThread:15008 [handler.py:handle_request():141] handle_request: poll_exit
2022-05-23 15:13:40,478 DEBUG   SenderThread:15008 [sender.py:send_request():246] send_request: poll_exit
2022-05-23 15:13:40,598 DEBUG   HandlerThread:15008 [handler.py:handle_request():141] handle_request: poll_exit
2022-05-23 15:13:40,603 DEBUG   SenderThread:15008 [sender.py:send_request():246] send_request: poll_exit
2022-05-23 15:13:40,707 DEBUG   HandlerThread:15008 [handler.py:handle_request():141] handle_request: poll_exit
2022-05-23 15:13:40,722 DEBUG   SenderThread:15008 [sender.py:send_request():246] send_request: poll_exit
2022-05-23 15:13:40,826 DEBUG   HandlerThread:15008 [handler.py:handle_request():141] handle_request: poll_exit
2022-05-23 15:13:40,831 DEBUG   SenderThread:15008 [sender.py:send_request():246] send_request: poll_exit
2022-05-23 15:13:40,937 DEBUG   HandlerThread:15008 [handler.py:handle_request():141] handle_request: poll_exit
2022-05-23 15:13:40,954 DEBUG   SenderThread:15008 [sender.py:send_request():246] send_request: poll_exit
2022-05-23 15:13:41,060 DEBUG   HandlerThread:15008 [handler.py:handle_request():141] handle_request: poll_exit
2022-05-23 15:13:41,060 DEBUG   SenderThread:15008 [sender.py:send_request():246] send_request: poll_exit
2022-05-23 15:13:41,163 DEBUG   HandlerThread:15008 [handler.py:handle_request():141] handle_request: poll_exit
2022-05-23 15:13:41,163 DEBUG   SenderThread:15008 [sender.py:send_request():246] send_request: poll_exit
2022-05-23 15:13:41,269 DEBUG   HandlerThread:15008 [handler.py:handle_request():141] handle_request: poll_exit
2022-05-23 15:13:41,287 DEBUG   SenderThread:15008 [sender.py:send_request():246] send_request: poll_exit
2022-05-23 15:13:41,393 DEBUG   HandlerThread:15008 [handler.py:handle_request():141] handle_request: poll_exit
2022-05-23 15:13:41,399 DEBUG   SenderThread:15008 [sender.py:send_request():246] send_request: poll_exit
2022-05-23 15:13:41,500 DEBUG   HandlerThread:15008 [handler.py:handle_request():141] handle_request: poll_exit
2022-05-23 15:13:41,519 DEBUG   SenderThread:15008 [sender.py:send_request():246] send_request: poll_exit
2022-05-23 15:13:41,645 DEBUG   HandlerThread:15008 [handler.py:handle_request():141] handle_request: poll_exit
2022-05-23 15:13:41,648 DEBUG   SenderThread:15008 [sender.py:send_request():246] send_request: poll_exit
2022-05-23 15:13:41,750 DEBUG   HandlerThread:15008 [handler.py:handle_request():141] handle_request: poll_exit
2022-05-23 15:13:41,763 DEBUG   SenderThread:15008 [sender.py:send_request():246] send_request: poll_exit
2022-05-23 15:13:41,868 DEBUG   HandlerThread:15008 [handler.py:handle_request():141] handle_request: poll_exit
2022-05-23 15:13:41,888 DEBUG   SenderThread:15008 [sender.py:send_request():246] send_request: poll_exit
2022-05-23 15:13:42,027 DEBUG   HandlerThread:15008 [handler.py:handle_request():141] handle_request: poll_exit
2022-05-23 15:13:42,042 DEBUG   SenderThread:15008 [sender.py:send_request():246] send_request: poll_exit
2022-05-23 15:13:42,146 DEBUG   HandlerThread:15008 [handler.py:handle_request():141] handle_request: poll_exit
2022-05-23 15:13:42,155 DEBUG   SenderThread:15008 [sender.py:send_request():246] send_request: poll_exit
2022-05-23 15:13:42,257 DEBUG   HandlerThread:15008 [handler.py:handle_request():141] handle_request: poll_exit
2022-05-23 15:13:42,275 DEBUG   SenderThread:15008 [sender.py:send_request():246] send_request: poll_exit
2022-05-23 15:13:42,376 DEBUG   HandlerThread:15008 [handler.py:handle_request():141] handle_request: poll_exit
2022-05-23 15:13:42,380 DEBUG   SenderThread:15008 [sender.py:send_request():246] send_request: poll_exit
2022-05-23 15:13:42,481 DEBUG   HandlerThread:15008 [handler.py:handle_request():141] handle_request: poll_exit
2022-05-23 15:13:42,488 DEBUG   SenderThread:15008 [sender.py:send_request():246] send_request: poll_exit
2022-05-23 15:13:42,590 DEBUG   HandlerThread:15008 [handler.py:handle_request():141] handle_request: poll_exit
2022-05-23 15:13:42,591 DEBUG   SenderThread:15008 [sender.py:send_request():246] send_request: poll_exit
2022-05-23 15:13:42,696 DEBUG   HandlerThread:15008 [handler.py:handle_request():141] handle_request: poll_exit
2022-05-23 15:13:42,714 DEBUG   SenderThread:15008 [sender.py:send_request():246] send_request: poll_exit
2022-05-23 15:13:42,759 WARNING MainThread:15008 [internal.py:wandb_internal():153] Internal process interrupt: 1
2022-05-23 15:13:42,876 DEBUG   HandlerThread:15008 [handler.py:handle_request():141] handle_request: shutdown
2022-05-23 15:13:42,876 INFO    HandlerThread:15008 [handler.py:finish():806] shutting down handler
2022-05-23 15:13:42,896 INFO    Thread-15 :15008 [upload_job.py:push():137] Uploaded file /Users/dylan/iCollections/桌面文件/Repo/Option_Pricing/Code/wandb/run-20220523_151316-ed3rusr4/files/conda-environment.yaml
2022-05-23 15:13:42,897 INFO    Thread-13 :15008 [upload_job.py:push():137] Uploaded file /Users/dylan/iCollections/桌面文件/Repo/Option_Pricing/Code/wandb/run-20220523_151316-ed3rusr4/files/config.yaml
2022-05-23 15:13:42,898 INFO    Thread-12 :15008 [upload_job.py:push():137] Uploaded file /Users/dylan/iCollections/桌面文件/Repo/Option_Pricing/Code/wandb/run-20220523_151316-ed3rusr4/files/requirements.txt
2022-05-23 15:13:43,719 INFO    SenderThread:15008 [sender.py:finish():1106] shutting down sender
2022-05-23 15:13:43,725 INFO    SenderThread:15008 [file_pusher.py:finish():145] shutting down file pusher
2022-05-23 15:13:43,725 INFO    SenderThread:15008 [file_pusher.py:join():150] waiting for file pusher
2022-05-23 15:13:43,801 INFO    WriterThread:15008 [datastore.py:close():279] close: /Users/dylan/iCollections/桌面文件/Repo/Option_Pricing/Code/wandb/run-20220523_151316-ed3rusr4/run-ed3rusr4.wandb
2022-05-23 15:14:03,669 ERROR   Thread-14 :15008 [retry.py:__call__():126] Retry attempt failed:
Traceback (most recent call last):
  File "/Users/dylan/miniforge3/envs/machine_learning/lib/python3.8/site-packages/urllib3/connectionpool.py", line 700, in urlopen
    self._prepare_proxy(conn)
  File "/Users/dylan/miniforge3/envs/machine_learning/lib/python3.8/site-packages/urllib3/connectionpool.py", line 994, in _prepare_proxy
    conn.connect()
  File "/Users/dylan/miniforge3/envs/machine_learning/lib/python3.8/site-packages/urllib3/connection.py", line 414, in connect
    self.sock = ssl_wrap_socket(
  File "/Users/dylan/miniforge3/envs/machine_learning/lib/python3.8/site-packages/urllib3/util/ssl_.py", line 449, in ssl_wrap_socket
    ssl_sock = _ssl_wrap_socket_impl(
  File "/Users/dylan/miniforge3/envs/machine_learning/lib/python3.8/site-packages/urllib3/util/ssl_.py", line 493, in _ssl_wrap_socket_impl
    return ssl_context.wrap_socket(sock, server_hostname=server_hostname)
  File "/Users/dylan/miniforge3/envs/machine_learning/lib/python3.8/ssl.py", line 500, in wrap_socket
    return self.sslsocket_class._create(
  File "/Users/dylan/miniforge3/envs/machine_learning/lib/python3.8/ssl.py", line 1040, in _create
    self.do_handshake()
  File "/Users/dylan/miniforge3/envs/machine_learning/lib/python3.8/ssl.py", line 1309, in do_handshake
    self._sslobj.do_handshake()
ssl.SSLEOFError: EOF occurred in violation of protocol (_ssl.c:1131)

During handling of the above exception, another exception occurred:

Traceback (most recent call last):
  File "/Users/dylan/miniforge3/envs/machine_learning/lib/python3.8/site-packages/requests/adapters.py", line 440, in send
    resp = conn.urlopen(
  File "/Users/dylan/miniforge3/envs/machine_learning/lib/python3.8/site-packages/urllib3/connectionpool.py", line 785, in urlopen
    retries = retries.increment(
  File "/Users/dylan/miniforge3/envs/machine_learning/lib/python3.8/site-packages/urllib3/util/retry.py", line 592, in increment
    raise MaxRetryError(_pool, url, error or ResponseError(cause))
urllib3.exceptions.MaxRetryError: HTTPSConnectionPool(host='api.wandb.ai', port=443): Max retries exceeded with url: /graphql (Caused by SSLError(SSLEOFError(8, 'EOF occurred in violation of protocol (_ssl.c:1131)')))

During handling of the above exception, another exception occurred:

Traceback (most recent call last):
  File "/Users/dylan/miniforge3/envs/machine_learning/lib/python3.8/site-packages/wandb/sdk/lib/retry.py", line 102, in __call__
    result = self._call_fn(*args, **kwargs)
  File "/Users/dylan/miniforge3/envs/machine_learning/lib/python3.8/site-packages/wandb/sdk/internal/internal_api.py", line 140, in execute
    return self.client.execute(*args, **kwargs)
  File "/Users/dylan/miniforge3/envs/machine_learning/lib/python3.8/site-packages/wandb/vendor/gql-0.2.0/wandb_gql/client.py", line 52, in execute
    result = self._get_result(document, *args, **kwargs)
  File "/Users/dylan/miniforge3/envs/machine_learning/lib/python3.8/site-packages/wandb/vendor/gql-0.2.0/wandb_gql/client.py", line 60, in _get_result
    return self.transport.execute(document, *args, **kwargs)
  File "/Users/dylan/miniforge3/envs/machine_learning/lib/python3.8/site-packages/wandb/vendor/gql-0.2.0/wandb_gql/transport/requests.py", line 38, in execute
    request = requests.post(self.url, **post_args)
  File "/Users/dylan/miniforge3/envs/machine_learning/lib/python3.8/site-packages/requests/api.py", line 117, in post
    return request('post', url, data=data, json=json, **kwargs)
  File "/Users/dylan/miniforge3/envs/machine_learning/lib/python3.8/site-packages/requests/api.py", line 61, in request
    return session.request(method=method, url=url, **kwargs)
  File "/Users/dylan/miniforge3/envs/machine_learning/lib/python3.8/site-packages/requests/sessions.py", line 529, in request
    resp = self.send(prep, **send_kwargs)
  File "/Users/dylan/miniforge3/envs/machine_learning/lib/python3.8/site-packages/requests/sessions.py", line 645, in send
    r = adapter.send(request, **kwargs)
  File "/Users/dylan/miniforge3/envs/machine_learning/lib/python3.8/site-packages/requests/adapters.py", line 517, in send
    raise SSLError(e, request=request)
requests.exceptions.SSLError: HTTPSConnectionPool(host='api.wandb.ai', port=443): Max retries exceeded with url: /graphql (Caused by SSLError(SSLEOFError(8, 'EOF occurred in violation of protocol (_ssl.c:1131)')))
2022-05-23 15:14:23,742 INFO    Thread-14 :15008 [upload_job.py:push():137] Uploaded file /Users/dylan/iCollections/桌面文件/Repo/Option_Pricing/Code/wandb/run-20220523_151316-ed3rusr4/files/wandb-summary.json
2022-05-23 15:14:23,959 INFO    Thread-6  :15008 [sender.py:transition_state():389] send defer: 8
2022-05-23 15:14:24,434 INFO    MainThread:15008 [internal.py:handle_exit():80] Internal process exited
