2022-05-23 15:13:55,450 INFO    MainThread:15374 [internal.py:wandb_internal():90] W&B internal server running at pid: 15374, started at: 2022-05-23 15:13:55.432644
2022-05-23 15:13:55,452 INFO    WriterThread:15374 [datastore.py:open_for_write():75] open: /Users/dylan/iCollections/桌面文件/Repo/Option_Pricing/Code/wandb/run-20220523_151354-ed3rusr4/run-ed3rusr4.wandb
2022-05-23 15:13:55,453 DEBUG   SenderThread:15374 [sender.py:send():232] send: header
2022-05-23 15:13:55,470 DEBUG   SenderThread:15374 [sender.py:send():232] send: run
2022-05-23 15:13:56,025 INFO    SenderThread:15374 [dir_watcher.py:__init__():166] watching files in: /Users/dylan/iCollections/桌面文件/Repo/Option_Pricing/Code/wandb/run-20220523_151354-ed3rusr4/files
2022-05-23 15:13:56,025 INFO    SenderThread:15374 [sender.py:_start_run_threads():811] run started: ed3rusr4 with start time 1653290034
2022-05-23 15:13:56,025 DEBUG   SenderThread:15374 [sender.py:send():232] send: summary
2022-05-23 15:13:56,025 DEBUG   HandlerThread:15374 [handler.py:handle_request():141] handle_request: check_version
2022-05-23 15:13:56,025 INFO    SenderThread:15374 [sender.py:_save_file():946] saving file wandb-summary.json with policy end
2022-05-23 15:13:56,026 DEBUG   SenderThread:15374 [sender.py:send_request():246] send_request: check_version
2022-05-23 15:13:56,464 DEBUG   HandlerThread:15374 [handler.py:handle_request():141] handle_request: run_start
2022-05-23 15:13:57,027 INFO    Thread-7  :15374 [dir_watcher.py:_on_file_created():213] file/dir created: /Users/dylan/iCollections/桌面文件/Repo/Option_Pricing/Code/wandb/run-20220523_151354-ed3rusr4/files/wandb-summary.json
2022-05-23 15:13:58,135 DEBUG   HandlerThread:15374 [meta.py:__init__():35] meta init
2022-05-23 15:13:58,142 DEBUG   HandlerThread:15374 [meta.py:__init__():49] meta init done
2022-05-23 15:13:58,142 DEBUG   HandlerThread:15374 [meta.py:probe():209] probe
2022-05-23 15:13:58,144 DEBUG   HandlerThread:15374 [meta.py:_setup_git():199] setup git
2022-05-23 15:13:58,171 DEBUG   HandlerThread:15374 [meta.py:_setup_git():206] setup git done
2022-05-23 15:13:58,184 DEBUG   HandlerThread:15374 [meta.py:_save_pip():53] save pip
2022-05-23 15:13:58,185 DEBUG   HandlerThread:15374 [meta.py:_save_pip():67] save pip done
2022-05-23 15:13:58,185 DEBUG   HandlerThread:15374 [meta.py:_save_conda():74] save conda
2022-05-23 15:13:59,034 INFO    Thread-7  :15374 [dir_watcher.py:_on_file_created():213] file/dir created: /Users/dylan/iCollections/桌面文件/Repo/Option_Pricing/Code/wandb/run-20220523_151354-ed3rusr4/files/conda-environment.yaml
2022-05-23 15:13:59,043 INFO    Thread-7  :15374 [dir_watcher.py:_on_file_created():213] file/dir created: /Users/dylan/iCollections/桌面文件/Repo/Option_Pricing/Code/wandb/run-20220523_151354-ed3rusr4/files/requirements.txt
2022-05-23 15:14:00,593 DEBUG   HandlerThread:15374 [meta.py:_save_conda():84] save conda done
2022-05-23 15:14:00,593 DEBUG   HandlerThread:15374 [meta.py:probe():247] probe done
2022-05-23 15:14:00,596 DEBUG   SenderThread:15374 [sender.py:send():232] send: telemetry
2022-05-23 15:14:00,596 DEBUG   SenderThread:15374 [sender.py:send():232] send: files
2022-05-23 15:14:00,596 INFO    SenderThread:15374 [sender.py:_save_file():946] saving file wandb-metadata.json with policy now
2022-05-23 15:14:00,606 DEBUG   HandlerThread:15374 [handler.py:handle_request():141] handle_request: stop_status
2022-05-23 15:14:00,617 DEBUG   SenderThread:15374 [sender.py:send_request():246] send_request: stop_status
2022-05-23 15:14:01,045 INFO    Thread-7  :15374 [dir_watcher.py:_on_file_modified():226] file/dir modified: /Users/dylan/iCollections/桌面文件/Repo/Option_Pricing/Code/wandb/run-20220523_151354-ed3rusr4/files/conda-environment.yaml
2022-05-23 15:14:01,048 INFO    Thread-7  :15374 [dir_watcher.py:_on_file_created():213] file/dir created: /Users/dylan/iCollections/桌面文件/Repo/Option_Pricing/Code/wandb/run-20220523_151354-ed3rusr4/files/wandb-metadata.json
2022-05-23 15:14:01,049 INFO    Thread-7  :15374 [dir_watcher.py:_on_file_created():213] file/dir created: /Users/dylan/iCollections/桌面文件/Repo/Option_Pricing/Code/wandb/run-20220523_151354-ed3rusr4/files/output.log
2022-05-23 15:14:01,058 DEBUG   SenderThread:15374 [sender.py:send():232] send: telemetry
2022-05-23 15:14:03,050 INFO    Thread-7  :15374 [dir_watcher.py:_on_file_modified():226] file/dir modified: /Users/dylan/iCollections/桌面文件/Repo/Option_Pricing/Code/wandb/run-20220523_151354-ed3rusr4/files/output.log
2022-05-23 15:14:05,053 INFO    Thread-7  :15374 [dir_watcher.py:_on_file_modified():226] file/dir modified: /Users/dylan/iCollections/桌面文件/Repo/Option_Pricing/Code/wandb/run-20220523_151354-ed3rusr4/files/output.log
2022-05-23 15:14:13,264 INFO    Thread-11 :15374 [upload_job.py:push():137] Uploaded file /var/folders/9l/qzgwttq17ps8lhfhrtgpdkx00000gn/T/tmpcm5rhtt2wandb/1gzrynp8-wandb-metadata.json
2022-05-23 15:14:16,062 DEBUG   HandlerThread:15374 [handler.py:handle_request():141] handle_request: stop_status
2022-05-23 15:14:16,071 DEBUG   SenderThread:15374 [sender.py:send_request():246] send_request: stop_status
2022-05-23 15:14:27,132 INFO    Thread-7  :15374 [dir_watcher.py:_on_file_modified():226] file/dir modified: /Users/dylan/iCollections/桌面文件/Repo/Option_Pricing/Code/wandb/run-20220523_151354-ed3rusr4/files/output.log
2022-05-23 15:14:34,162 INFO    Thread-7  :15374 [dir_watcher.py:_on_file_modified():226] file/dir modified: /Users/dylan/iCollections/桌面文件/Repo/Option_Pricing/Code/wandb/run-20220523_151354-ed3rusr4/files/config.yaml
2022-05-23 15:14:36,067 DEBUG   HandlerThread:15374 [handler.py:handle_request():141] handle_request: stop_status
2022-05-23 15:14:36,070 DEBUG   SenderThread:15374 [sender.py:send_request():246] send_request: stop_status
2022-05-23 15:14:37,888 DEBUG   SenderThread:15374 [sender.py:send():232] send: stats
2022-05-23 15:14:47,223 INFO    Thread-7  :15374 [dir_watcher.py:_on_file_modified():226] file/dir modified: /Users/dylan/iCollections/桌面文件/Repo/Option_Pricing/Code/wandb/run-20220523_151354-ed3rusr4/files/output.log
2022-05-23 15:14:49,234 INFO    Thread-7  :15374 [dir_watcher.py:_on_file_modified():226] file/dir modified: /Users/dylan/iCollections/桌面文件/Repo/Option_Pricing/Code/wandb/run-20220523_151354-ed3rusr4/files/output.log
2022-05-23 15:14:51,242 INFO    Thread-7  :15374 [dir_watcher.py:_on_file_modified():226] file/dir modified: /Users/dylan/iCollections/桌面文件/Repo/Option_Pricing/Code/wandb/run-20220523_151354-ed3rusr4/files/output.log
2022-05-23 15:14:51,720 DEBUG   HandlerThread:15374 [handler.py:handle_request():141] handle_request: stop_status
2022-05-23 15:14:51,733 DEBUG   SenderThread:15374 [sender.py:send_request():246] send_request: stop_status
2022-05-23 15:14:55,261 INFO    Thread-7  :15374 [dir_watcher.py:_on_file_modified():226] file/dir modified: /Users/dylan/iCollections/桌面文件/Repo/Option_Pricing/Code/wandb/run-20220523_151354-ed3rusr4/files/output.log
2022-05-23 15:14:59,273 INFO    Thread-7  :15374 [dir_watcher.py:_on_file_modified():226] file/dir modified: /Users/dylan/iCollections/桌面文件/Repo/Option_Pricing/Code/wandb/run-20220523_151354-ed3rusr4/files/output.log
2022-05-23 15:15:01,275 INFO    Thread-7  :15374 [dir_watcher.py:_on_file_modified():226] file/dir modified: /Users/dylan/iCollections/桌面文件/Repo/Option_Pricing/Code/wandb/run-20220523_151354-ed3rusr4/files/output.log
2022-05-23 15:15:07,177 DEBUG   HandlerThread:15374 [handler.py:handle_request():141] handle_request: stop_status
2022-05-23 15:15:07,194 DEBUG   SenderThread:15374 [sender.py:send_request():246] send_request: stop_status
2022-05-23 15:15:20,093 DEBUG   SenderThread:15374 [sender.py:send():232] send: stats
2022-05-23 15:15:23,378 DEBUG   HandlerThread:15374 [handler.py:handle_request():141] handle_request: stop_status
2022-05-23 15:15:23,386 DEBUG   SenderThread:15374 [sender.py:send_request():246] send_request: stop_status
2022-05-23 15:15:38,927 DEBUG   HandlerThread:15374 [handler.py:handle_request():141] handle_request: stop_status
2022-05-23 15:15:38,928 DEBUG   SenderThread:15374 [sender.py:send_request():246] send_request: stop_status
2022-05-23 15:15:58,867 DEBUG   HandlerThread:15374 [handler.py:handle_request():141] handle_request: stop_status
2022-05-23 15:15:58,879 DEBUG   SenderThread:15374 [sender.py:send_request():246] send_request: stop_status
2022-05-23 15:16:01,910 DEBUG   SenderThread:15374 [sender.py:send():232] send: stats
2022-05-23 15:16:14,585 DEBUG   HandlerThread:15374 [handler.py:handle_request():141] handle_request: stop_status
2022-05-23 15:16:14,593 DEBUG   SenderThread:15374 [sender.py:send_request():246] send_request: stop_status
2022-05-23 15:16:30,384 DEBUG   HandlerThread:15374 [handler.py:handle_request():141] handle_request: stop_status
2022-05-23 15:16:30,395 DEBUG   SenderThread:15374 [sender.py:send_request():246] send_request: stop_status
2022-05-23 15:16:43,651 DEBUG   SenderThread:15374 [sender.py:send():232] send: stats
2022-05-23 15:16:46,045 DEBUG   HandlerThread:15374 [handler.py:handle_request():141] handle_request: stop_status
2022-05-23 15:16:46,058 DEBUG   SenderThread:15374 [sender.py:send_request():246] send_request: stop_status
2022-05-23 15:17:05,646 ERROR   SenderThread:15374 [retry.py:__call__():126] Retry attempt failed:
Traceback (most recent call last):
  File "/Users/dylan/miniforge3/envs/machine_learning/lib/python3.8/site-packages/urllib3/connectionpool.py", line 700, in urlopen
    self._prepare_proxy(conn)
  File "/Users/dylan/miniforge3/envs/machine_learning/lib/python3.8/site-packages/urllib3/connectionpool.py", line 994, in _prepare_proxy
    conn.connect()
  File "/Users/dylan/miniforge3/envs/machine_learning/lib/python3.8/site-packages/urllib3/connection.py", line 414, in connect
    self.sock = ssl_wrap_socket(
  File "/Users/dylan/miniforge3/envs/machine_learning/lib/python3.8/site-packages/urllib3/util/ssl_.py", line 449, in ssl_wrap_socket
    ssl_sock = _ssl_wrap_socket_impl(
  File "/Users/dylan/miniforge3/envs/machine_learning/lib/python3.8/site-packages/urllib3/util/ssl_.py", line 493, in _ssl_wrap_socket_impl
    return ssl_context.wrap_socket(sock, server_hostname=server_hostname)
  File "/Users/dylan/miniforge3/envs/machine_learning/lib/python3.8/ssl.py", line 500, in wrap_socket
    return self.sslsocket_class._create(
  File "/Users/dylan/miniforge3/envs/machine_learning/lib/python3.8/ssl.py", line 1040, in _create
    self.do_handshake()
  File "/Users/dylan/miniforge3/envs/machine_learning/lib/python3.8/ssl.py", line 1309, in do_handshake
    self._sslobj.do_handshake()
ssl.SSLEOFError: EOF occurred in violation of protocol (_ssl.c:1131)

During handling of the above exception, another exception occurred:

Traceback (most recent call last):
  File "/Users/dylan/miniforge3/envs/machine_learning/lib/python3.8/site-packages/requests/adapters.py", line 440, in send
    resp = conn.urlopen(
  File "/Users/dylan/miniforge3/envs/machine_learning/lib/python3.8/site-packages/urllib3/connectionpool.py", line 785, in urlopen
    retries = retries.increment(
  File "/Users/dylan/miniforge3/envs/machine_learning/lib/python3.8/site-packages/urllib3/util/retry.py", line 592, in increment
    raise MaxRetryError(_pool, url, error or ResponseError(cause))
urllib3.exceptions.MaxRetryError: HTTPSConnectionPool(host='api.wandb.ai', port=443): Max retries exceeded with url: /graphql (Caused by SSLError(SSLEOFError(8, 'EOF occurred in violation of protocol (_ssl.c:1131)')))

During handling of the above exception, another exception occurred:

Traceback (most recent call last):
  File "/Users/dylan/miniforge3/envs/machine_learning/lib/python3.8/site-packages/wandb/sdk/lib/retry.py", line 102, in __call__
    result = self._call_fn(*args, **kwargs)
  File "/Users/dylan/miniforge3/envs/machine_learning/lib/python3.8/site-packages/wandb/sdk/internal/internal_api.py", line 140, in execute
    return self.client.execute(*args, **kwargs)
  File "/Users/dylan/miniforge3/envs/machine_learning/lib/python3.8/site-packages/wandb/vendor/gql-0.2.0/wandb_gql/client.py", line 52, in execute
    result = self._get_result(document, *args, **kwargs)
  File "/Users/dylan/miniforge3/envs/machine_learning/lib/python3.8/site-packages/wandb/vendor/gql-0.2.0/wandb_gql/client.py", line 60, in _get_result
    return self.transport.execute(document, *args, **kwargs)
  File "/Users/dylan/miniforge3/envs/machine_learning/lib/python3.8/site-packages/wandb/vendor/gql-0.2.0/wandb_gql/transport/requests.py", line 38, in execute
    request = requests.post(self.url, **post_args)
  File "/Users/dylan/miniforge3/envs/machine_learning/lib/python3.8/site-packages/requests/api.py", line 117, in post
    return request('post', url, data=data, json=json, **kwargs)
  File "/Users/dylan/miniforge3/envs/machine_learning/lib/python3.8/site-packages/requests/api.py", line 61, in request
    return session.request(method=method, url=url, **kwargs)
  File "/Users/dylan/miniforge3/envs/machine_learning/lib/python3.8/site-packages/requests/sessions.py", line 529, in request
    resp = self.send(prep, **send_kwargs)
  File "/Users/dylan/miniforge3/envs/machine_learning/lib/python3.8/site-packages/requests/sessions.py", line 645, in send
    r = adapter.send(request, **kwargs)
  File "/Users/dylan/miniforge3/envs/machine_learning/lib/python3.8/site-packages/requests/adapters.py", line 517, in send
    raise SSLError(e, request=request)
requests.exceptions.SSLError: HTTPSConnectionPool(host='api.wandb.ai', port=443): Max retries exceeded with url: /graphql (Caused by SSLError(SSLEOFError(8, 'EOF occurred in violation of protocol (_ssl.c:1131)')))
2022-05-23 15:17:06,052 DEBUG   HandlerThread:15374 [handler.py:handle_request():141] handle_request: stop_status
2022-05-23 15:17:07,788 INFO    Thread-7  :15374 [dir_watcher.py:_on_file_modified():226] file/dir modified: /Users/dylan/iCollections/桌面文件/Repo/Option_Pricing/Code/wandb/run-20220523_151354-ed3rusr4/files/output.log
2022-05-23 15:17:26,061 DEBUG   HandlerThread:15374 [handler.py:handle_request():141] handle_request: stop_status
2022-05-23 15:17:29,484 DEBUG   SenderThread:15374 [sender.py:send_request():246] send_request: stop_status
2022-05-23 15:17:30,005 DEBUG   SenderThread:15374 [sender.py:send():232] send: stats
2022-05-23 15:17:30,006 DEBUG   SenderThread:15374 [sender.py:send_request():246] send_request: stop_status
2022-05-23 15:17:37,892 INFO    Thread-7  :15374 [dir_watcher.py:_on_file_modified():226] file/dir modified: /Users/dylan/iCollections/桌面文件/Repo/Option_Pricing/Code/wandb/run-20220523_151354-ed3rusr4/files/output.log
2022-05-23 15:17:39,904 INFO    Thread-7  :15374 [dir_watcher.py:_on_file_modified():226] file/dir modified: /Users/dylan/iCollections/桌面文件/Repo/Option_Pricing/Code/wandb/run-20220523_151354-ed3rusr4/files/output.log
2022-05-23 15:17:45,822 DEBUG   HandlerThread:15374 [handler.py:handle_request():141] handle_request: stop_status
2022-05-23 15:17:45,826 DEBUG   SenderThread:15374 [sender.py:send_request():246] send_request: stop_status
2022-05-23 15:18:05,831 DEBUG   HandlerThread:15374 [handler.py:handle_request():141] handle_request: stop_status
2022-05-23 15:18:05,850 DEBUG   SenderThread:15374 [sender.py:send_request():246] send_request: stop_status
2022-05-23 15:18:13,430 DEBUG   SenderThread:15374 [sender.py:send():232] send: stats
2022-05-23 15:18:25,834 DEBUG   HandlerThread:15374 [handler.py:handle_request():141] handle_request: stop_status
2022-05-23 15:18:25,838 DEBUG   SenderThread:15374 [sender.py:send_request():246] send_request: stop_status
2022-05-23 15:18:41,643 DEBUG   HandlerThread:15374 [handler.py:handle_request():141] handle_request: stop_status
2022-05-23 15:18:41,656 DEBUG   SenderThread:15374 [sender.py:send_request():246] send_request: stop_status
2022-05-23 15:18:49,711 DEBUG   SenderThread:15374 [sender.py:send():232] send: stats
2022-05-23 15:18:56,186 INFO    Thread-7  :15374 [dir_watcher.py:_on_file_modified():226] file/dir modified: /Users/dylan/iCollections/桌面文件/Repo/Option_Pricing/Code/wandb/run-20220523_151354-ed3rusr4/files/output.log
2022-05-23 15:18:57,054 DEBUG   HandlerThread:15374 [handler.py:handle_request():141] handle_request: stop_status
2022-05-23 15:18:57,066 DEBUG   SenderThread:15374 [sender.py:send_request():246] send_request: stop_status
2022-05-23 15:18:58,192 INFO    Thread-7  :15374 [dir_watcher.py:_on_file_modified():226] file/dir modified: /Users/dylan/iCollections/桌面文件/Repo/Option_Pricing/Code/wandb/run-20220523_151354-ed3rusr4/files/output.log
2022-05-23 15:19:00,203 INFO    Thread-7  :15374 [dir_watcher.py:_on_file_modified():226] file/dir modified: /Users/dylan/iCollections/桌面文件/Repo/Option_Pricing/Code/wandb/run-20220523_151354-ed3rusr4/files/output.log
2022-05-23 15:19:06,217 INFO    Thread-7  :15374 [dir_watcher.py:_on_file_modified():226] file/dir modified: /Users/dylan/iCollections/桌面文件/Repo/Option_Pricing/Code/wandb/run-20220523_151354-ed3rusr4/files/output.log
2022-05-23 15:19:12,449 DEBUG   HandlerThread:15374 [handler.py:handle_request():141] handle_request: stop_status
2022-05-23 15:19:12,450 DEBUG   SenderThread:15374 [sender.py:send_request():246] send_request: stop_status
2022-05-23 15:19:17,529 WARNING MainThread:15374 [internal.py:wandb_internal():153] Internal process interrupt: 1
2022-05-23 15:19:32,242 DEBUG   SenderThread:15374 [sender.py:send():232] send: stats
2022-05-23 15:19:32,483 DEBUG   HandlerThread:15374 [handler.py:handle_request():141] handle_request: stop_status
2022-05-23 15:19:32,489 DEBUG   SenderThread:15374 [sender.py:send_request():246] send_request: stop_status
2022-05-23 15:19:52,501 DEBUG   HandlerThread:15374 [handler.py:handle_request():141] handle_request: stop_status
2022-05-23 15:19:52,529 DEBUG   SenderThread:15374 [sender.py:send_request():246] send_request: stop_status
2022-05-23 15:20:07,915 DEBUG   HandlerThread:15374 [handler.py:handle_request():141] handle_request: stop_status
2022-05-23 15:20:07,931 DEBUG   SenderThread:15374 [sender.py:send_request():246] send_request: stop_status
2022-05-23 15:20:14,332 DEBUG   SenderThread:15374 [sender.py:send():232] send: stats
2022-05-23 15:20:23,331 DEBUG   HandlerThread:15374 [handler.py:handle_request():141] handle_request: stop_status
2022-05-23 15:20:23,340 DEBUG   SenderThread:15374 [sender.py:send_request():246] send_request: stop_status
2022-05-23 15:20:43,338 DEBUG   HandlerThread:15374 [handler.py:handle_request():141] handle_request: stop_status
2022-05-23 15:20:43,340 DEBUG   SenderThread:15374 [sender.py:send_request():246] send_request: stop_status
2022-05-23 15:20:56,262 DEBUG   SenderThread:15374 [sender.py:send():232] send: stats
2022-05-23 15:21:03,342 DEBUG   HandlerThread:15374 [handler.py:handle_request():141] handle_request: stop_status
2022-05-23 15:21:03,354 DEBUG   SenderThread:15374 [sender.py:send_request():246] send_request: stop_status
2022-05-23 15:21:18,775 DEBUG   HandlerThread:15374 [handler.py:handle_request():141] handle_request: stop_status
2022-05-23 15:21:18,776 DEBUG   SenderThread:15374 [sender.py:send_request():246] send_request: stop_status
2022-05-23 15:21:38,157 DEBUG   SenderThread:15374 [sender.py:send():232] send: stats
2022-05-23 15:21:38,782 DEBUG   HandlerThread:15374 [handler.py:handle_request():141] handle_request: stop_status
2022-05-23 15:21:38,785 DEBUG   SenderThread:15374 [sender.py:send_request():246] send_request: stop_status
2022-05-23 15:21:57,220 WARNING MainThread:15374 [internal.py:wandb_internal():153] Internal process interrupt: 2
2022-05-23 15:21:57,253 ERROR   MainThread:15374 [internal.py:wandb_internal():156] Internal process interrupted.
2022-05-23 15:21:57,497 INFO    HandlerThread:15374 [handler.py:finish():806] shutting down handler
2022-05-23 15:21:57,798 INFO    SenderThread:15374 [sender.py:finish():1106] shutting down sender
2022-05-23 15:21:57,801 INFO    SenderThread:15374 [dir_watcher.py:finish():279] shutting down directory watcher
2022-05-23 15:21:57,831 INFO    SenderThread:15374 [dir_watcher.py:finish():309] scan: /Users/dylan/iCollections/桌面文件/Repo/Option_Pricing/Code/wandb/run-20220523_151354-ed3rusr4/files
2022-05-23 15:21:57,842 INFO    SenderThread:15374 [dir_watcher.py:finish():323] scan save: /Users/dylan/iCollections/桌面文件/Repo/Option_Pricing/Code/wandb/run-20220523_151354-ed3rusr4/files/requirements.txt requirements.txt
2022-05-23 15:21:57,842 INFO    SenderThread:15374 [dir_watcher.py:finish():323] scan save: /Users/dylan/iCollections/桌面文件/Repo/Option_Pricing/Code/wandb/run-20220523_151354-ed3rusr4/files/output.log output.log
2022-05-23 15:21:57,844 INFO    SenderThread:15374 [dir_watcher.py:finish():323] scan save: /Users/dylan/iCollections/桌面文件/Repo/Option_Pricing/Code/wandb/run-20220523_151354-ed3rusr4/files/config.yaml config.yaml
2022-05-23 15:21:57,860 INFO    SenderThread:15374 [dir_watcher.py:finish():323] scan save: /Users/dylan/iCollections/桌面文件/Repo/Option_Pricing/Code/wandb/run-20220523_151354-ed3rusr4/files/wandb-summary.json wandb-summary.json
2022-05-23 15:21:57,861 INFO    SenderThread:15374 [dir_watcher.py:finish():323] scan save: /Users/dylan/iCollections/桌面文件/Repo/Option_Pricing/Code/wandb/run-20220523_151354-ed3rusr4/files/conda-environment.yaml conda-environment.yaml
2022-05-23 15:21:57,863 INFO    SenderThread:15374 [dir_watcher.py:finish():323] scan save: /Users/dylan/iCollections/桌面文件/Repo/Option_Pricing/Code/wandb/run-20220523_151354-ed3rusr4/files/wandb-metadata.json wandb-metadata.json
2022-05-23 15:21:57,879 INFO    SenderThread:15374 [file_pusher.py:finish():145] shutting down file pusher
2022-05-23 15:21:57,880 INFO    SenderThread:15374 [file_pusher.py:join():150] waiting for file pusher
2022-05-23 15:21:58,223 INFO    WriterThread:15374 [datastore.py:close():279] close: /Users/dylan/iCollections/桌面文件/Repo/Option_Pricing/Code/wandb/run-20220523_151354-ed3rusr4/run-ed3rusr4.wandb
2022-05-23 15:21:58,848 INFO    Thread-12 :15374 [upload_job.py:push():137] Uploaded file /Users/dylan/iCollections/桌面文件/Repo/Option_Pricing/Code/wandb/run-20220523_151354-ed3rusr4/files/requirements.txt
2022-05-23 15:21:58,864 INFO    Thread-14 :15374 [upload_job.py:push():137] Uploaded file /Users/dylan/iCollections/桌面文件/Repo/Option_Pricing/Code/wandb/run-20220523_151354-ed3rusr4/files/config.yaml
2022-05-23 15:21:58,891 INFO    Thread-13 :15374 [upload_job.py:push():137] Uploaded file /Users/dylan/iCollections/桌面文件/Repo/Option_Pricing/Code/wandb/run-20220523_151354-ed3rusr4/files/output.log
2022-05-23 15:22:03,353 ERROR   Thread-16 :15374 [internal_api.py:upload_file():1639] upload_file exception https://storage.googleapis.com/wandb-production.appspot.com/dylanli/Option-xgb-project/ed3rusr4/conda-environment.yaml?Expires=1653376918&GoogleAccessId=wandb-production%40appspot.gserviceaccount.com&Signature=KT61kaDpQjBMlWfq%2BeUWDScNRhtg9hFyJragrUWbhZm8VWZhm7zkxBEK4aSNVKMQeJtmxsjXSzzfGn5KHHwXPZiBYoASrP9ZIQzEjrqv2U8AtLa8xUQzXftYV3Cun61Qi0KJnJBfn1CpNanfknRhtkNHuESu3%2BWJ8Ll%2BN%2BFLaQJ523u718yTt41CH80fdk3mQGeYq4dPd9sxl10jqCHlyIqZR2L0pMxMpDJgC6SrJWlSWEFRz9DtYFnpzmHaKhVr6IN%2FHyljrToKw0xtL4MSK3L6pBjda6ip7jQhQYvPdcwLNTREjlEcWGGjA5eHM68xzu8cqKRih%2F%2FYIr6uFyWj6w%3D%3D: HTTPSConnectionPool(host='storage.googleapis.com', port=443): Max retries exceeded with url: /wandb-production.appspot.com/dylanli/Option-xgb-project/ed3rusr4/conda-environment.yaml?Expires=1653376918&GoogleAccessId=wandb-production%40appspot.gserviceaccount.com&Signature=KT61kaDpQjBMlWfq%2BeUWDScNRhtg9hFyJragrUWbhZm8VWZhm7zkxBEK4aSNVKMQeJtmxsjXSzzfGn5KHHwXPZiBYoASrP9ZIQzEjrqv2U8AtLa8xUQzXftYV3Cun61Qi0KJnJBfn1CpNanfknRhtkNHuESu3%2BWJ8Ll%2BN%2BFLaQJ523u718yTt41CH80fdk3mQGeYq4dPd9sxl10jqCHlyIqZR2L0pMxMpDJgC6SrJWlSWEFRz9DtYFnpzmHaKhVr6IN%2FHyljrToKw0xtL4MSK3L6pBjda6ip7jQhQYvPdcwLNTREjlEcWGGjA5eHM68xzu8cqKRih%2F%2FYIr6uFyWj6w%3D%3D (Caused by SSLError(SSLEOFError(8, 'EOF occurred in violation of protocol (_ssl.c:1131)')))
2022-05-23 15:22:03,363 ERROR   Thread-16 :15374 [internal_api.py:upload_file():1641] upload_file request headers: {'User-Agent': 'python-requests/2.27.1', 'Accept-Encoding': 'gzip, deflate, br', 'Accept': '*/*', 'Connection': 'keep-alive', 'Content-Length': '10664'}
2022-05-23 15:22:03,363 ERROR   Thread-16 :15374 [internal_api.py:upload_file():1643] upload_file response body: 
2022-05-23 15:22:05,002 INFO    Thread-16 :15374 [upload_job.py:push():137] Uploaded file /Users/dylan/iCollections/桌面文件/Repo/Option_Pricing/Code/wandb/run-20220523_151354-ed3rusr4/files/conda-environment.yaml
2022-05-23 15:22:09,494 ERROR   Thread-15 :15374 [internal_api.py:upload_file():1639] upload_file exception https://storage.googleapis.com/wandb-production.appspot.com/dylanli/Option-xgb-project/ed3rusr4/wandb-summary.json?Expires=1653376924&GoogleAccessId=wandb-production%40appspot.gserviceaccount.com&Signature=C1OdU3p7F3vMe2A2fivaLMSxhWj0kqQyOevh8oLuvJQh9e%2F%2B7nfCJ%2FKL3oIqyFNReXZ5LfhP6FQCim%2BFUaxMba82cl8uiika3ITpF8VpQ9uz3YSggBOhY9%2BF9wj%2BKQgZdYXS9NKwIAoaMYyXRwHXHxR9Y%2B4Jj%2FPW7xfTSZH2qpPBJEUiJ2%2Fzhtsa8aSJo6P6fQPVSB0Ev2YbU9rEewssDeBLno5Gpq%2FLvpUkMoMJGDYTwSuuRB%2BdupRKUPMNQmcq5HRJl85WHCJ%2FRdbylAypQo1y9B%2F4gQN2Qn%2BayKJa7PQxg5d5BueHJoKlBvu%2BlbxrQnFzAi7Vc8XCMgBIoDCP%2Bw%3D%3D: HTTPSConnectionPool(host='storage.googleapis.com', port=443): Max retries exceeded with url: /wandb-production.appspot.com/dylanli/Option-xgb-project/ed3rusr4/wandb-summary.json?Expires=1653376924&GoogleAccessId=wandb-production%40appspot.gserviceaccount.com&Signature=C1OdU3p7F3vMe2A2fivaLMSxhWj0kqQyOevh8oLuvJQh9e%2F%2B7nfCJ%2FKL3oIqyFNReXZ5LfhP6FQCim%2BFUaxMba82cl8uiika3ITpF8VpQ9uz3YSggBOhY9%2BF9wj%2BKQgZdYXS9NKwIAoaMYyXRwHXHxR9Y%2B4Jj%2FPW7xfTSZH2qpPBJEUiJ2%2Fzhtsa8aSJo6P6fQPVSB0Ev2YbU9rEewssDeBLno5Gpq%2FLvpUkMoMJGDYTwSuuRB%2BdupRKUPMNQmcq5HRJl85WHCJ%2FRdbylAypQo1y9B%2F4gQN2Qn%2BayKJa7PQxg5d5BueHJoKlBvu%2BlbxrQnFzAi7Vc8XCMgBIoDCP%2Bw%3D%3D (Caused by SSLError(SSLEOFError(8, 'EOF occurred in violation of protocol (_ssl.c:1131)')))
2022-05-23 15:22:09,495 ERROR   Thread-15 :15374 [internal_api.py:upload_file():1641] upload_file request headers: {'User-Agent': 'python-requests/2.27.1', 'Accept-Encoding': 'gzip, deflate, br', 'Accept': '*/*', 'Connection': 'keep-alive', 'Content-Length': '2'}
2022-05-23 15:22:09,495 ERROR   Thread-15 :15374 [internal_api.py:upload_file():1643] upload_file response body: 
